4.07434e-06
4.07434e-06
4.07434e-06
3.56196e-06
3.56196e-06
3.56196e-06
3.87722e-06
3.87722e-06
3.89619e-06
3.89619e-06
3.82706e-06
3.82706e-06
3.82706e-06
3.82706e-06
3.82706e-06
3.82706e-06
3.82706e-06
2.45914e-06
2.45914e-06
2.30136e-06
2.30136e-06
2.30136e-06
2.85496e-06
2.85496e-06
2.85496e-06
2.03419e-06
2.03419e-06
2.03419e-06
2.03419e-06
2.03419e-06
2.53797e-06
2.53797e-06
2.53797e-06
2.53797e-06
2.53797e-06
3.1156e-06
3.1156e-06
3.1156e-06
3.1156e-06
3.1156e-06
3.1156e-06
3.1156e-06
3.1156e-06
1.97008e-06
1.97008e-06
1.97008e-06
1.97008e-06
1.97008e-06
1.97008e-06
2.28386e-06
2.28386e-06
2.28386e-06
2.28386e-06
2.28386e-06
2.28386e-06
2.87011e-06
2.87011e-06
2.87011e-06
2.87011e-06
2.87011e-06
2.87011e-06
2.74766e-06
2.74766e-06
2.74766e-06
2.74766e-06
2.74766e-06
2.74766e-06
2.74766e-06
2.94587e-06
2.94587e-06
2.94587e-06
2.94587e-06
2.94587e-06
2.94587e-06
2.94587e-06
2.66631e-06
2.66631e-06
2.66631e-06
2.66631e-06
2.66631e-06
2.66631e-06
2.66631e-06
2.68001e-06
2.68001e-06
2.68001e-06
2.68001e-06
2.68001e-06
2.68001e-06
3.11086e-06
3.11086e-06
3.11086e-06
3.11086e-06
3.11086e-06
3.11086e-06
3.11086e-06
3.11086e-06
3.11086e-06
3.11086e-06
3.11086e-06
3.11086e-06
3.11086e-06
3.11086e-06
3.11086e-06
3.11086e-06
3.11086e-06
3.11086e-06
3.11086e-06
3.11086e-06
3.11086e-06
3.11086e-06
3.11086e-06
3.11086e-06
3.11086e-06
3.11086e-06
3.11086e-06
3.11086e-06
3.11086e-06
3.11086e-06
3.11086e-06
3.11086e-06
3.11086e-06
3.11086e-06
3.11086e-06
3.11086e-06
3.11086e-06
3.11086e-06
3.11086e-06
3.11086e-06
3.11086e-06
3.07154e-06
3.50478e-06
3.99454e-06
3.6138e-06
3.38916e-06
2.58401e-06
2.58401e-06
2.58401e-06
2.58401e-06
2.58401e-06
2.58401e-06
2.58401e-06
2.58401e-06
2.58401e-06
2.58401e-06
2.58401e-06
2.60887e-06
3.88389e-06
3.88389e-06
3.88389e-06
3.88389e-06
3.88389e-06
3.88389e-06
3.88389e-06
3.88389e-06
3.88389e-06
3.88389e-06
3.88389e-06
3.88389e-06
3.88389e-06
3.88389e-06
3.88389e-06
3.88389e-06
3.88389e-06
3.88389e-06
3.88389e-06
3.88389e-06
3.88389e-06
3.88389e-06
3.88389e-06
3.88389e-06
3.88389e-06
3.88389e-06
3.88389e-06
3.88389e-06
3.88389e-06
3.88389e-06
3.88389e-06
3.88389e-06
3.88389e-06
3.88389e-06
3.88389e-06
3.88389e-06
3.88389e-06
3.88389e-06
3.88389e-06
3.88389e-06
3.88389e-06
3.88389e-06
3.88389e-06
3.88389e-06
3.88389e-06
3.88389e-06
3.88389e-06
3.88389e-06
3.88389e-06
3.88389e-06
3.88389e-06
3.88389e-06
3.88389e-06
3.88389e-06
3.88389e-06
3.88389e-06
3.88389e-06
3.88389e-06
3.88389e-06
3.88389e-06
3.88389e-06
3.88389e-06
3.88389e-06
3.88389e-06
3.88389e-06
3.88389e-06
3.88389e-06
3.88389e-06
3.88389e-06
3.88389e-06
3.88389e-06
3.88389e-06
3.88389e-06
3.88389e-06
3.88389e-06
3.88389e-06
3.88389e-06
3.88389e-06
3.88389e-06
3.88389e-06
3.88389e-06
3.88389e-06
3.88389e-06
3.88389e-06
3.88389e-06
3.88389e-06
3.88389e-06
3.88389e-06
3.88389e-06
3.88389e-06
3.88389e-06
3.88389e-06
3.88389e-06
3.88389e-06
3.88389e-06
3.88389e-06
3.88389e-06
3.88389e-06
3.88389e-06
3.88389e-06
3.88389e-06
3.88389e-06
3.88389e-06
3.88389e-06
3.88389e-06
2.03406e-06
3.69114e-06
3.69114e-06
3.69114e-06
3.69114e-06
3.69114e-06
3.69114e-06
3.69114e-06
3.69114e-06
3.69114e-06
2.80063e-06
3.17449e-06
2.02984e-06
2.02984e-06
2.02984e-06
2.02984e-06
2.02984e-06
2.02984e-06
2.02984e-06
2.02984e-06
1.90838e-06
2.0125e-06
2.0125e-06
2.0125e-06
1.91126e-06
1.91126e-06
1.91126e-06
1.91126e-06
1.91126e-06
1.91126e-06
1.91126e-06
1.91126e-06
1.91126e-06
1.91126e-06
1.91126e-06
1.91126e-06
1.91126e-06
1.91126e-06
1.91126e-06
1.91126e-06
1.91126e-06
1.91126e-06
1.91126e-06
1.91126e-06
1.91126e-06
1.91126e-06
1.97065e-06
1.97065e-06
1.97065e-06
1.97065e-06
1.97065e-06
1.97065e-06
1.97065e-06
1.97065e-06
1.97065e-06
1.97065e-06
1.97065e-06
1.97065e-06
1.97065e-06
1.97065e-06
1.97065e-06
1.97065e-06
1.97065e-06
1.97065e-06
1.97065e-06
1.97065e-06
1.97065e-06
1.97065e-06
1.97065e-06
1.97065e-06
1.97065e-06
1.97065e-06
1.97065e-06
1.97065e-06
1.97065e-06
1.97065e-06
1.97065e-06
1.97065e-06
1.97065e-06
1.97065e-06
1.97065e-06
1.97065e-06
1.97065e-06
1.97065e-06
1.97065e-06
1.97065e-06
1.97065e-06
1.97065e-06
1.97065e-06
1.97065e-06
1.97065e-06
1.97065e-06
2.9711e-06
2.9711e-06
2.9711e-06
2.9711e-06
2.9711e-06
2.9711e-06
2.9711e-06
2.9711e-06
2.9711e-06
2.9711e-06
2.9711e-06
2.9711e-06
2.9711e-06
2.9711e-06
2.9711e-06
2.9711e-06
3.17645e-06
3.81043e-06
3.81043e-06
3.81043e-06
3.81043e-06
3.81043e-06
3.81043e-06
3.81043e-06
3.81043e-06
3.81043e-06
3.81043e-06
3.81043e-06
3.81043e-06
3.81043e-06
3.81043e-06
3.81043e-06
3.81043e-06
3.81043e-06
3.81043e-06
3.81043e-06
3.81043e-06
3.81043e-06
3.81043e-06
3.81043e-06
3.81043e-06
3.81043e-06
3.81043e-06
3.81043e-06
3.81043e-06
3.81043e-06
3.81043e-06
3.81043e-06
3.81043e-06
3.81043e-06
3.81043e-06
3.81043e-06
3.81043e-06
3.81043e-06
3.81043e-06
3.81043e-06
3.81043e-06
3.81043e-06
3.81043e-06
3.81043e-06
3.81043e-06
3.81043e-06
3.81043e-06
3.81043e-06
3.81043e-06
3.81043e-06
3.81043e-06
3.81043e-06
3.81043e-06
3.81043e-06
3.81043e-06
3.81043e-06
3.81043e-06
3.81043e-06
3.81043e-06
3.81043e-06
3.81043e-06
3.81043e-06
3.81043e-06
3.81043e-06
3.81043e-06
3.81043e-06
3.81043e-06
3.81043e-06
3.81043e-06
3.81043e-06
3.81043e-06
3.81043e-06
3.81043e-06
3.81043e-06
3.81043e-06
3.81043e-06
3.81043e-06
3.81043e-06
3.81043e-06
3.81043e-06
3.81043e-06
3.81043e-06
3.81043e-06
3.81043e-06
3.81043e-06
3.81043e-06
3.81043e-06
3.81043e-06
3.81043e-06
3.81043e-06
3.81043e-06
3.81043e-06
3.81043e-06
3.81043e-06
3.81043e-06
3.81043e-06
3.81043e-06
3.81043e-06
3.81043e-06
3.81043e-06
3.81043e-06
3.81043e-06
3.81043e-06
3.81043e-06
3.81043e-06
3.81043e-06
3.81043e-06
3.81043e-06
3.81043e-06
3.81043e-06
3.81043e-06
3.81043e-06
3.81043e-06
3.81043e-06
3.81043e-06
3.81043e-06
3.81043e-06
3.81043e-06
3.81043e-06
3.81043e-06
3.81043e-06
3.81043e-06
3.81043e-06
3.81043e-06
3.81043e-06
3.81043e-06
3.81043e-06
3.81043e-06
3.81043e-06
3.81043e-06
3.81043e-06
3.81043e-06
3.81043e-06
3.81043e-06
3.81043e-06
3.81043e-06
3.81043e-06
3.81043e-06
3.81043e-06
3.81043e-06
3.81043e-06
3.81043e-06
3.81043e-06
3.81043e-06
3.81043e-06
3.81043e-06
3.81043e-06
3.81043e-06
3.81043e-06
3.81043e-06
3.81043e-06
3.81043e-06
3.81043e-06
3.81043e-06
3.81043e-06
3.81043e-06
3.81043e-06
3.81043e-06
3.81043e-06
3.81043e-06
3.81043e-06
3.81043e-06
3.12466e-06
3.12466e-06
3.12466e-06
3.12466e-06
3.12466e-06
3.12466e-06
3.12466e-06
3.12466e-06
3.12466e-06
3.12466e-06
3.12466e-06
3.12466e-06
3.12466e-06
3.58597e-06
2.82618e-06
3.39461e-06
1.93371e-06
1.93371e-06
1.93371e-06
1.93371e-06
1.93371e-06
1.93371e-06
1.93371e-06
1.93371e-06
1.93371e-06
1.93371e-06
1.93371e-06
1.93371e-06
1.93371e-06
1.93371e-06
1.93371e-06
1.93371e-06
1.93371e-06
1.93371e-06
1.93371e-06
1.93371e-06
1.93371e-06
1.93371e-06
1.93371e-06
1.93371e-06
1.93371e-06
1.93371e-06
1.93371e-06
4.07181e-06
4.07181e-06
4.07181e-06
4.07181e-06
4.07181e-06
4.07181e-06
4.07181e-06
4.07181e-06
4.07181e-06
4.07181e-06
4.07181e-06
4.07181e-06
4.07181e-06
4.07181e-06
4.07181e-06
4.07181e-06
4.07181e-06
4.07181e-06
3.24955e-06
3.24955e-06
1.93926e-06
1.93926e-06
1.93926e-06
1.93926e-06
1.93926e-06
1.93926e-06
1.93926e-06
1.93926e-06
1.93926e-06
1.93926e-06
1.93926e-06
1.93926e-06
1.93926e-06
1.93926e-06
1.93926e-06
1.93926e-06
1.93926e-06
1.93926e-06
1.93926e-06
1.93926e-06
1.93926e-06
1.93926e-06
1.93926e-06
1.93926e-06
1.93926e-06
1.93926e-06
1.93926e-06
1.93926e-06
1.93926e-06
1.93926e-06
1.93926e-06
1.93926e-06
1.93926e-06
2.69184e-06
2.69184e-06
2.69184e-06
2.69184e-06
2.69184e-06
2.69184e-06
2.69184e-06
2.69184e-06
2.69184e-06
2.69184e-06
2.69184e-06
2.69184e-06
2.69184e-06
2.69184e-06
2.69184e-06
2.69184e-06
2.69184e-06
2.69184e-06
2.69184e-06
2.69184e-06
2.69184e-06
2.69184e-06
2.69184e-06
2.6913.17739e-06
3.17739e-06
3.17739e-06
3.17739e-06
3.17739e-06
3.17739e-06
3.17739e-06
2.59121e-06
2.59121e-06
2.83324e-06
2.83324e-06
3.9748e-06
3.9748e-06
3.9748e-06
3.9748e-06
3.9748e-06
3.9748e-06
3.9748e-06
3.9748e-06
3.9748e-06
3.9748e-06
3.9748e-06
3.9748e-06
3.9748e-06
3.9748e-06
3.9748e-06
3.45947e-06
3.45947e-06
3.45947e-06
3.45947e-06
3.45947e-06
2.12091e-06
2.12091e-06
2.12091e-06
2.12091e-06
2.12091e-06
2.12091e-06
2.12091e-06
2.12091e-06
2.12091e-06
2.12091e-06
2.12091e-06
2.12091e-06
2.12091e-06
2.12091e-06
2.12091e-06
2.12091e-06
2.12091e-06
2.12091e-06
2.12091e-06
2.12091e-06
2.12091e-06
2.12091e-06
2.12091e-06
2.12091e-06
2.12091e-02.69184e-06
2.69184e-06
2.69184e-06
2.69184e-06
2.69184e-06
2.69184e-06
2.69184e-06
2.69184e-06
2.69184e-06
2.69184e-06
2.69184e-06
2.69184e-06
2.69184e-06
2.69184e-06
2.32358e-06
2.32358e-06
3.72184e-06
2.49241e-06
2.49241e-06
2.49241e-06
2.49241e-06
2.49241e-06
2.49241e-06
2.49241e-06
2.49241e-06
2.49241e-06
2.49241e-06
2.49241e-06
2.49241e-06
2.49241e-06
2.49241e-06
2.49241e-06
2.49241e-06
2.49241e-06
2.49241e-06
2.49241e-06
2.49241e-06
2.49241e-06
2.49241e-06
3.95009e-06
3.25845e-06
3.6173e-06
3.72668e-06
3.72668e-06
3.72668e-06
3.72668e-06
3.72668e-06
3.72668e-06
3.72668e-06
2.18567e-06
3.97507e-06
2.26217e-06
3.11753e-06
3.11753e-06
3.11753e-06
2.69983e-06
2.3814e-06
2.3814e-06
2.3814e-06
2.3814e-06
2.3814e-063.27746e-06
3.27746e-06
3.27746e-06
3.92483e-06
3.92483e-06
3.92483e-06
3.92483e-06
3.92483e-06
3.92483e-06
3.92483e-06
3.92483e-06
3.92483e-06
3.92483e-06
3.92483e-06
3.92483e-06
3.92483e-06
3.92483e-06
3.92483e-06
3.92483e-06
3.92483e-06
3.92483e-06
3.92483e-06
3.92483e-06
3.92483e-06
3.92483e-06
3.92483e-06
3.92483e-06
3.92483e-06
3.92483e-06
3.92483e-06
3.92483e-06
3.92483e-06
3.92483e-06
3.92483e-06
3.92483e-06
3.92483e-06
3.92483e-06
3.92483e-06
3.92483e-06
3.92483e-06
3.92483e-06
3.92483e-06
3.92483e-06
3.92483e-06
3.92483e-06
3.92483e-06
3.92483e-06
3.92483e-06
3.92483e-06
3.92483e-06
3.92483e-06
3.92483e-06
3.92483e-06
3.92483e-06
3.92483e-06
3.92483e-06
3.92483e-06
3.92483e-06
3.92483e-06
3.92483e-06
3.92483e-06
3.92483e-06
3.92483e-06
3.92483e-06
3.92483e-06
3.92483e-06
3.92483e-06
3.92483e-06
3.92483e-06
3.92483e-06
3.92483e-06
3.92483e-06
3.92483e-06
3.92483e-06
3.92483e-06
3.92483e-06
3.92483e-06
3.92483e-06
3.92483e-06
3.92483e-06
3.92483e-06
3.92483e-06
3.92483e-06
3.92483e-06
3.92483e-06
3.92483e-06
3.92483e-06
3.92483e-06
3.92483e-06
3.92483e-06
3.92483e-06
3.92483e-06
3.92483e-06
3.92483e-06
3.92483e-06
3.92483e-06
3.92483e-06
3.92483e-06
3.92483e-06
3.92483e-06
3.92483e-06
3.92483e-06
3.92483e-06
3.92483e-06
3.92483e-06
3.92483e-06
3.92483e-06
3.92483e-06
3.92483e-06
3.92483e-06
3.92483e-06
3.92483e-06
3.92483e-06
3.92483e-06
3.92483e-06
3.92483e-06
3.92483e-06
3.92483e-06
3.92483e-06
3.92483e-06
3.92483e-06
3.92483e-06
3.92483e-06
3.92483e-06
3.92483e-06
3.92483e-06
3.92483e-06
3.92483e-06
3.92483e-06
3.92483e-06
3.92483e-06
3.92483e-06
3.92483e-06
3.92483e-06
3.92483e-06
3.92483e-06
3.92483e-06
3.92483e-06
3.92483e-06
3.92483e-06
3.92483e-06
3.92483e-06
3.92483e-06
3.92483e-06
3.92483e-06
3.92483e-06
3.92483e-06
3.92483e-06
3.92483e-06
3.92483e-06
3.92483e-06
3.92483e-06
3.92483e-06
3.92483e-06
3.92483e-06
3.92483e-06
3.92483e-06
3.92483e-06
3.92483e-06
3.92483e-06
3.92483e-06
3.92483e-06
3.92483e-06
3.92483e-06
3.92483e-06
3.92483e-06
3.92483e-06
3.92483e-06
2.12425e-06
2.12425e-06
2.12425e-06
2.12425e-06
2.12425e-06
2.12425e-06
4.00357e-06
4.00357e-06
4.00357e-06
4.00357e-06
4.00357e-06
4.00357e-06
4.00357e-06
4.00357e-06
3.4289e-06
3.4289e-06
3.2.9143e-06
2.9143e-06
2.9143e-06
2.9143e-06
2.9143e-06
2.9143e-06
2.9143e-06
2.9143e-06
2.9143e-06
2.9143e-06
2.9143e-06
2.9143e-06
2.9143e-06
2.9143e-06
2.9143e-06
2.9143e-06
2.9143e-06
2.9143e-06
2.9143e-06
2.9143e-06
2.9143e-06
2.9143e-06
2.9143e-06
2.9143e-06
2.9143e-06
2.9143e-06
2.9143e-06
2.9143e-06
2.9143e-06
2.9143e-06
2.9143e-06
2.9143e-06
2.9143e-06
2.9143e-06
2.9143e-06
2.9143e-06
4.11552e-06
4.11552e-06
4.11552e-06
4.11552e-06
4.11552e-06
4.11552e-06
4.11552e-06
3.09881e-06
3.09881e-06
3.09881e-06
3.09881e-06
3.09881e-06
3.09881e-06
3.09881e-06
3.09881e-06
3.09881e-06
3.09881e-06
3.09881e-06
3.09881e-06
3.09881e-06
3.09881e-06
3.09881e-06
3.09881e-06
3.09881e-06
3.09881e-06
3.09881e-06
3.09881e-06
3.09881e-06
3.09881e-06
3.09881e-06
3.09881e-06
3.09881e-06
3.09881e-06
3.09881e-06
3.09881e-06
3.09881e-06
3.09881e-06
3.09881e-06
3.09881e-06
3.09881e-06
3.09881e-06
3.09881e-06
3.09881e-06
3.09881e-06
3.09881e-06
3.09881e-06
3.09881e-06
3.09881e-06
3.09881e-06
3.09881e-06
3.09881e-06
3.09881e-06
3.09881e-06
3.09881e-06
3.09881e-06
3.09881e-06
3.09881e-06
3.09881e-06
3.09881e-06
3.09881e-06
3.09881e-06
3.09881e-06
3.09881e-06
3.09881e-06
3.09881e-06
3.09881e-06
3.09881e-06
3.09881e-06
3.09881e-06
3.09881e-06
3.09881e-06
3.09881e-06
4.10847e-06
4.10847e-06
4.10847e-06
4.10847e-06
4.10847e-06
4.10847e-06
3.90338e-06
3.90338e-06
3.90338e-06
3.90338e-06
3.90338e-06
3.90338e-06
3.90338e-06
3.90338e-06
3.01938e-06
3.01938e-06
3.01938e-06
3.01938e-06
3.01938e-06
3.01938e-06
3.01938e-06
3.01938e-06
3.01938e-06
3.01938e-06
3.01938e-06
3.01938e-06
3.01938e-06
3.01938e-06
3.01938e-06
3.01938e-06
3.01938e-06
3.01938e-06
3.01938e-06
3.01938e-06
3.01938e-06
3.01938e-06
3.01938e-06
3.01938e-06
3.01938e-06
3.01938e-06
3.01938e-06
3.01938e-06
3.01938e-06
3.01938e-06
3.01938e-06
3.01938e-06
3.01938e-06
3.01938e-06
3.01938e-06
3.01938e-06
3.01938e-06
3.01938e-06
3.01938e-06
3.62588e-06
3.62588e-06
3.62588e-06
3.62588e-06
3.62588e-06
3.62588e-06
3.62588e-06
3.62588e-06
3.03068e-06
3.03068e-06
3.03068e-06
3.44002e-06
3.44002e-06
3.44002e-06
3.44002e-06
3.44002e-06
3.44002e-06
3.44002e-06
3.44002e-06
3.44002e-06
3.44002e-06
3.44002e-06
3.44002e-06
3.44002e-06
3.44002e-06
3.7094e-06
3.7094e-06
3.7094e-06
3.7094e-06
3.7094e-06
3.7094e-06
3.7094e-06
3.7094e-06
3.7094e-06
3.7094e-06
3.7094e-06
3.7094e-06
3.7094e-06
3.7094e-06
3.7094e-06
3.7094e-06
3.7094e-06
2.2311e-06
2.2311e-06
2.2311e-06
4.08209e-06
4.08209e-06
4.08209e-06
4.08209e-06
4.08209e-06
3.93293e-06
3.93293e-06
3.93293e-06
3.93293e-06
3.93293e-06
3.9766e-06
3.9766e-06
3.9766e-06
3.9766e-06
3.9766e-06
3.61959e-06
3.61959e-06
3.61959e-06
3.61959e-06
3.61959e-06
3.61959e-06
3.61959e-06
3.61959e-06
3.61959e-06
2.09804e-06
2.09804e-06
2.09804e-06
2.09804e-06
2.09804e-06
2.85012e-06
2.85012e-06
2.85012e-06
2.85012e-06
2.24111e-06
2.24111e-06
2.24111e-06
2.24111e-06
2.24111e-06
2.67286e-06
2.67286e-06
2.67286e-06
23.01938e-06
3.01938e-06
3.01938e-06
3.01938e-06
3.01938e-06
3.01938e-06
3.01938e-06
3.01938e-06
3.01938e-06
3.01938e-06
3.01938e-06
3.01938e-06
3.01938e-06
3.01938e-06
3.01938e-06
3.01938e-06
3.01938e-06
3.01938e-06
3.01938e-06
3.01938e-06
3.01938e-06
3.01938e-06
3.01938e-06
3.01938e-06
3.01938e-06
3.01938e-06
3.01938e-06
3.01938e-06
3.01938e-06
3.01938e-06
3.01938e-06
3.01938e-06
3.01938e-06
3.01938e-06
3.01938e-06
3.01938e-06
3.01938e-06
3.01938e-06
3.01938e-06
3.01938e-06
3.01938e-06
3.01938e-06
3.01938e-06
3.01938e-06
3.01938e-06
3.01938e-06
3.01938e-06
3.01938e-06
3.01938e-06
3.01938e-06
3.01938e-06
3.01938e-06
3.01938e-06
3.01938e-06
3.01938e-06
3.01938e-06
3.01938e-06
3.01938e-06
3.01938e-06
3.01938e-06
3.01938e-06
3.01938e-06
3.01938e-06
3.01938e-06
3.01938e-06
3.01938e-06
3.01938e-06
3.01938e-06
3.01938e-06
3.01938e-06
3.01938e-06
3.01938e-06
3.01938e-06
3.01938e-06
3.01938e-06
3.01938e-06
3.01938e-06
3.01938e-06
3.01938e-06
3.01938e-06
3.01938e-06
3.01938e-06
3.01938e-06
3.01938e-06
3.01938e-06
3.01938e-06
3.01938e-06
3.01938e-06
3.01938e-06
3.01938e-06
3.01938e-06
3.01938e-06
3.01938e-06
3.01938e-06
3.01938e-06
3.01938e-06
3.01938e-06
3.01938e-06
3.01938e-06
3.01938e-06
3.01938e-06
3.01938e-06
3.01938e-06
4.11545e-06
4.11545e-06
4.11545e-06
4.11545e-06
4.11545e-06
4.11545e-06
4.11545e-06
4.11545e-06
4.11545e-06
4.11545e-06
4.11545e-06
4.11545e-06
4.11545e-06
4.11545e-06
4.11545e-06
4.11545e-06
4.11545e-06
4.11545e-06
4.11545e-06
4.11545e-06
4.11545e-06
4.11545e-06
4.11545e-06
4.11545e-06
4.11545e-06
4.11545e-06
4.11545e-06
4.11545e-06
4.11545e-06
4.11545e-06
4.11545e-06
4.11545e-06
4.11545e-06
4.11545e-06
4.11545e-06
4.11545e-06
4.11545e-06
4.11545e-06
4.11545e-06
4.11545e-06
4.11545e-06
4.11545e-06
4.11545e-06
4.11545e-06
2.32854e-06
2.32854e-06
2.32854e-06
2.32854e-06
2.32854e-06
2.32854e-06
2.32854e-06
2.32854e-06
2.32854e-06
2.32854e-06
2.32854e-06
2.32854e-06
2.32854e-06
2.32854e-06
2.32854e-06
2.32854e-06
2.32854e-06
2.32854e-06
2.32854e-06
2.32854e-06
2.32854e-06
2.32854e-06
2.32854e-06
2.32854e-06
2.32854e-06
2.32854e-06
2.32854e-06
2.32854e-06
2.32854e-06
2.32854e-06
2.32854e-06
2.32854e-06
3.88962e-06
3.88962e-06
3.88962e-06
3.88962e-06
3.88962e-06
3.88962e-06
3.88962e-06
3.88962e-06
3.88962e-06
3.88962e-06
3.88962e-06
3.88962e-06
2.5356e-06
2.5356e-06
2.5356e-06
2.5356e-06
2.5356e-06
2.5356e-06
2.5356e-06
2.5356e-06
2.5356e-06
2.5356e-06
2.5356e-06
2.5356e-06
2.5356e-06
2.5356e-06
2.5356e-06
2.5356e-06
2.5356e-06
2.5356e-06
2.5356e-06
2.5356e-06
2.5356e-06
2.5356e-06
2.5356e-06
2.5356e-06
2.5356e-06
2.5356e-06
2.5356e-06
2.5356e-06
2.5356e-06
2.5356e-06
2.5356e-06
2.5356e-06
2.5356e-06
2.5356e-06
2.5356e-06
2.5356e-06
2.5356e-06
2.5356e-06
2.5356e-06
2.5356e-06
2.5356e-06
2.5356e-06
2.5356e-06
2.5356e-06
2.5356e-06
2.5356e-06
2.5356e-06
2.5356e-06
2.5356e-06
2.5356e-06
2.5356e-06
2.5356e-06
2.5356e-06
2.5356e-06
2.5356e-06
2.5356e-06
2.5356e-06
2.5356e-06
2.5356e-06
2.5356e-06
2.5356e-06
2.5356e-06
2.5356e-06
2.5356e-06
2.5356e-06
2.5356e-06
2.5356e-06
2.5356e-06
2.5356e-06
2.5356e-06
2.5356e-06
2.5356e-06
2.5356e-06
2.5356e-06
2.5356e-06
2.5356e-06
2.5356e-06
2.5356e-06
2.5356e-06
2.5356e-06
2.5356e-06
2.5356e-06
2.5356e-06
2.5356e-06
2.5356e-06
2.5356e-06
2.5356e-06
2.5356e-06
2.5356e-06
2.5356e-06
2.5356e-06
2.5356e-06
2.5356e-06
2.43851e-06
2.43851e-06
2.43851e-06
2.43851e-06
2.43851e-06
2.43851e-06
2.43851e-06
2.43851e-06
2.43851e-06
2.43851e-06
2.43851e-06
2.43851e-06
2.43851e-06
2.43851e-06
2.43851e-06
2.43851e-06
2.43851e-06
2.43851e-06
2.43851e-06
2.43851e-06
2.43851e-06
2.43851e-06
2.43851e-06
2.43851e-06
2.43851e-06
2.43851e-06
2.43851e-06
2.43851e-06
2.43851e-06
2.43851e-06
2.43851e-06
2.43851e-06
2.43851e-06
2.43851e-06
2.43851e-06
2.43851e-06
2.43851e-06
2.43851e-06
3.50625e-06
3.50625e-06
3.50625e-06
3.50625e-06
3.50625e-06
3.50625e-06
3.50625e-06
3.50625e-06
3.50625e-06
3.50625e-06
3.50625e-06
3.50625e-06
3.50625e-06
3.50625e-06
3.50625e-06
3.50625e-06
3.50625e-06
3.50625e-06
3.50625e-06
3.50625e-06
3.50625e-06
3.50625e-06
3.50625e-06
3.50625e-06
3.50625e-06
3.50625e-06
3.50625e-06
3.50625e-06
3.50625e-06
3.50625e-06
3.50625e-06
3.50625e-06
3.50625e-06
3.50625e-06
3.50625e-06
3.50625e-06
3.50625e-06
3.50625e-06
3.50625e-06
3.50625e-06
3.50625e-06
3.50625e-06
3.50625e-06
3.50625e-06
3.50625e-06
3.50625e-06
3.50625e-06
3.50625e-06
3.50625e-06
3.50625e-06
3.61509e-06
3.61509e-06
3.61509e-06
3.61509e-06
3.61509e-06
3.61509e-06
3.61509e-06
3.45193e-06
3.45193e-06
3.45193e-06
3.45193e-06
3.45193e-06
3.45193e-06
3.45193e-06
3.45193e-06
3.45193e-06
3.0808e-06
3.0808e-06
3.0808e-06
3.0808e-06
3.0808e-06
3.0808e-06
3.0808e-06
3.0808e-06
3.25782e-06
3.25782e-06
3.25782e-06
4.04859e-06
4.04859e-06
4.04859e-06
4.04859e-06
4.04859e-06
4.04859e-06
4.04859e-06
4.04859e-06
4.04859e-06
4.04859e-06
4.04859e-06
4.04859e-06
4.04859e-06
4.04859e-06
4.04859e-06
3.36087e-06
3.36087e-06
3.36087e-06
3.36087e-06
3.36087e-06
3.36087e-06
3.36087e-06
3.36087e-06
3.36087e-06
3.36087e-06
3.36087e-06
3.36087e-06
3.36087e-06
3.36087e-06
3.36087e-06
3.36087e-06
3.36087e-06
3.36087e-06
3.36087e-06
3.36087e-06
3.36087e-06
3.36087e-06
3.36087e-06
3.36087e-06
3.36087e-06
3.36087e-06
3.36087e-06
3.36087e-06
3.36087e-06
3.36087e-06
3.36087e-06
3.36087e-06
3.36087e-06
3.36087e-06
3.36087e-06
3.36087e-06
3.36087e-06
3.36087e-06
3.36087e-06
3.36087e-06
3.36087e-06
3.36087e-06
3.36087e-06
3.36087e-06
3.36087e-06
3.36087e-06
3.36087e-06
3.36087e-06
3.36087e-06
3.36087e-06
3.36087e-06
3.36087e-06
3.36087e-06
3.36087e-06
3.36087e-06
3.36087e-06
3.36087e-06
3.36087e-06
3.36087e-06
3.36087e-06
3.36087e-06
3.36087e-06
3.36087e-06
3.36087e-06
3.36087e-06
3.36087e-06
3.36087e-06
3.36087e-06
3.36087e-06
3.36087e-06
3.36087e-06
3.36087e-06
3.36087e-06
3.36087e-06
3.36087e-06
3.36087e-06
3.36087e-06
3.36087e-06
3.36087e-06
3.36087e-06
3.36087e-06
3.36087e-06
3.36087e-06
3.36087e-06
3.36087e-06
3.36087e-06
3.36087e-06
3.36087e-06
3.36087e-06
3.36087e-06
3.36087e-06
3.36087e-06
3.36087e-06
3.36087e-06
3.36087e-06
3.36087e-06
3.36087e-06
3.36087e-06
3.36087e-06
3.36087e-06
3.36087e-06
3.36087e-06
3.36087e-06
3.36087e-06
3.36087e-06
3.36087e-06
3.36087e-06
3.36087e-06
3.36087e-06
3.36087e-06
3.36087e-06
3.36087e-06
3.36087e-06
3.36087e-06
3.36087e-06
3.36087e-06
3.36087e-06
3.36087e-06
3.36087e-06
3.36087e-06
3.36087e-06
3.36087e-06
3.36087e-06
3.36087e-06
3.36087e-06
3.36087e-06
3.36087e-06
3.36087e-06
3.36087e-06
3.36087e-06
3.36087e-06
3.36087e-06
3.36087e-06
3.36087e-06
3.36087e-06
3.36087e-06
3.36087e-06
3.36087e-06
3.36087e-06
3.36087e-06
3.36087e-06
3.36087e-06
3.36087e-06
3.36087e-06
3.36087e-06
3.36087e-06
3.36087e-06
3.36087e-06
3.36087e-06
3.36087e-06
3.36087e-06
3.36087e-06
3.36087e-06
3.36087e-06
3.36087e-06
3.36087e-06
3.36087e-06
3.36087e-06
3.36087e-06
3.36087e-06
3.36087e-06
3.36087e-06
3.36087e-06
3.36087e-06
3.36087e-06
3.36087e-06
3.36087e-06
3.36087e-06
3.36087e-06
3.36087e-06
3.36087e-06
3.36087e-06
3.36087e-06
3.36087e-06
3.36087e-06
3.36087e-06
3.36087e-06
3.36087e-06
3.36087e-06
3.36087e-06
3.36087e-06
3.36087e-06
3.36087e-06
3.36087e-06
3.36087e-06
3.36087e-06
3.36087e-06
3.36087e-06
3.36087e-06
3.36087e-06
3.36087e-06
3.36087e-06
3.36087e-06
3.36087e-06
3.36087e-06
3.36087e-06
3.36087e-06
3.36087e-06
3.36087e-06
3.36087e-06
3.36087e-06
3.36087e-06
3.36087e-06
3.36087e-06
3.36087e-06
3.36087e-06
3.36087e-06
3.36087e-06
3.36087e-06
3.36087e-06
3.36087e-06
3.36087e-06
3.36087e-06
3.36087e-06
3.36087e-06
2.35589e-06
2.35589e-06
2.35589e-06
2.35589e-06
2.35589e-06
2.35589e-06
2.35589e-06
2.35589e-06
2.35589e-06
2.35589e-06
2.35589e-06
2.35589e-06
2.35589e-06
2.35589e-06
2.35589e-06
2.35589e-06
2.29273e-06
2.29273e-06
2.92102e-06
2.92102e-06
2.92102e-06
2.92102e-06
2.92102e-06
2.92102e-06
4.11331e-06
4.11331e-06
4.11331e-06
4.11331e-06
4.11331e-06
4.11331e-06
4.11331e-06
4.11331e-06
4.11331e-06
4.11331e-06
4.11331e-06
4.11331e-06
4.11331e-06
4.11331e-06
1.96245e-06
1.96245e-06
1.96245e-06
1.96245e-06
1.96245e-06
1.96245e-06
1.96245e-06
1.96245e-06
1.96245e-06
4.00387e-06
4.00387e-06
4.00387e-06
4.00387e-06
4.00387e-06
4.00387e-06
3.16513e-06
3.16513e-06
3.16513e-06
3.16513e-06
3.30606e-06
3.30606e-06
3.30606e-06
2.98151e-06
2.98151e-06
3.52635e-06
3.52635e-06
3.52635e-06
3.52635e-06
3.52635e-06
3.52635e-06
3.52635e-06
3.52635e-06
3.52635e-06
3.52635e-06
3.52635e-06
3.52635e-06
3.52635e-06
3.52635e-06
3.52635e-06
3.52635e-06
3.52635e-06
3.52635e-06
3.52635e-06
3.52635e-06
3.62228e-06
3.62228e-06
2.36203e-06
2.36203e-06
2.36203e-06
2.36203e-06
2.36203e-06
2.36203e-06
2.36203e-06
2.36203e-06
2.36203e-06
2.36203e-06
3.68543e-06
3.68543e-06
3.68543e-06
3.68543e-06
3.68543e-06
3.68543e-06
3.68543e-06
3.68543e-06
3.68543e-06
3.68543e-06
3.68543e-06
3.68543e-06
3.68543e-06
3.68543e-06
3.68543e-06
3.68543e-06
3.68543e-06
3.68543e-06
3.68543e-06
3.68543e-06
3.68543e-06
3.68543e-06
3.68543e-06
3.68543e-06
3.68543e-06
3.68543e-06
3.68543e-06
3.68543e-06
3.68543e-06
3.68543e-06
3.68543e-06
3.68543e-06
3.68543e-06
3.68543e-06
3.68543e-06
3.68543e-06
3.68543e-06
3.68543e-06
3.68543e-06
3.68543e-06
3.68543e-06
3.68543e-06
3.68543e-06
3.68543e-06
3.68543e-06
3.68543e-06
3.68543e-06
3.68543e-06
3.68543e-06
3.68543e-06
3.68543e-06
3.68543e-06
3.68543e-06
3.68543e-06
3.68543e-06
3.68543e-06
3.68543e-06
3.68543e-06
3.68543e-06
3.68543e-06
3.68543e-06
3.68543e-06
3.68543e-06
3.68543e-06
3.68543e-06
3.68543e-06
3.68543e-06
3.68543e-06
3.68543e-06
3.68543e-06
3.68543e-06
3.68543e-06
3.68543e-06
3.68543e-06
3.68543e-06
3.68543e-06
3.68543e-06
3.68543e-06
3.68543e-06
3.68543e-06
2.66149e-06
2.66149e-06
2.66149e-06
2.66149e-06
2.66149e-06
2.66149e-06
2.66149e-06
2.66149e-06
2.66149e-06
2.79459e-06
1.92052e-06
1.92052e-06
1.92052e-06
1.92052e-06
1.92052e-06
1.92052e-06
1.92052e-06
1.92052e-06
1.92052e-06
3.01288e-06
3.01288e-06
3.01288e-06
3.01288e-06
3.01288e-06
3.01288e-06
3.01288e-06
3.01288e-06
3.01288e-06
3.01288e-06
3.01288e-06
3.01288e-06
3.01288e-06
3.01288e-06
3.01288e-06
3.01288e-06
3.01288e-06
3.01288e-06
3.01288e-06
3.01288e-06
3.01288e-06
3.01288e-06
3.01288e-06
3.01288e-06
3.01288e-06
3.01288e-06
3.01288e-06
3.86502e-06
3.86502e-06
3.86502e-06
3.86502e-06
3.86502e-06
3.86502e-06
3.86502e-06
3.86502e-06
3.99337e-06
3.99337e-06
3.99337e-06
3.99337e-06
3.99337e-06
3.99337e-06
3.99337e-06
3.99337e-06
3.99337e-06
3.99337e-06
3.99337e-06
3.17639e-06
3.17639e-06
3.17639e-06
3.17639e-06
3.17639e-06
3.17639e-06
3.17639e-06
3.17639e-06
3.17639e-06
3.17639e-06
3.17639e-06
3.17639e-06
3.17639e-06
3.17639e-06
3.17639e-06
3.17639e-06
3.48009e-06
3.48009e-06
3.48009e-06
3.48009e-06
3.48009e-06
3.48009e-06
3.48009e-06
3.48009e-06
3.48009e-06
3.48009e-06
3.48009e-06
3.48009e-06
3.48009e-06
3.48009e-06
3.48009e-06
3.48009e-06
3.48009e-06
3.48009e-06
3.48009e-06
3.48009e-06
3.48009e-06
3.48009e-06
3.48009e-06
3.48009e-06
3.48009e-06
3.48009e-06
3.48009e-06
3.48009e-06
3.48009e-06
3.48009e-06
3.20025e-06
3.20025e-06
2.7292e-06
2.7292e-06
2.7292e-06
2.7292e-06
2.7292e-06
3.77809e-06
3.77809e-06
3.77809e-06
3.77809e-06
3.77809e-06
3.77809e-06
3.77809e-06
3.77809e-06
3.77809e-06
2.28965e-06
2.28965e-06
2.28965e-06
2.28965e-06
2.28965e-06
2.28965e-06
2.28965e-06
2.28965e-06
2.28965e-06
2.28965e-06
2.28965e-06
2.28965e-06
2.28965e-06
2.28965e-06
2.28965e-06
2.28965e-06
2.28965e-06
2.28965e-06
2.28965e-06
2.28965e-06
2.28965e-06
2.28965e-06
2.28965e-06
2.28965e-06
2.28965e-06
2.28965e-06
2.28965e-06
2.28965e-06
2.28965e-06
2.28965e-06
2.28965e-06
2.28965e-06
2.28965e-06
2.28965e-06
2.28965e-06
2.28965e-06
2.28965e-06
2.28965e-06
2.28965e-06
2.28965e-06
2.28965e-06
2.28965e-06
2.28965e-06
2.28965e-06
2.28965e-06
2.28965e-06
3.92228e-06
3.92228e-06
3.92228e-06
3.92228e-06
3.92228e-06
3.92228e-06
3.92228e-06
3.92228e-06
2.44226e-06
2.44226e-06
2.44226e-06
2.44226e-06
2.44226e-06
2.87089e-06
2.87089e-06
2.87089e-06
2.87089e-06
3.96017e-06
3.96017e-06
3.96017e-06
3.96017e-06
3.96017e-06
4.03907e-06
4.03907e-06
4.03907e-06
4.03907e-06
4.03907e-06
3.87203e-06
3.87203e-06
3.87203e-06
3.87203e-06
3.87203e-06
3.87203e-06
3.87203e-06
3.87203e-06
3.87203e-06
3.58474e-06
3.58474e-06
3.58474e-06
3.58474e-06
3.58474e-06
3.58474e-06
3.58474e-06
3.58474e-06
3.58474e-06
3.58474e-06
3.58474e-06
3.58474e-06
3.58474e-06
3.58474e-06
3.58474e-06
3.58474e-06
3.58474e-06
3.58474e-06
3.58474e-06
3.58474e-06
3.58474e-06
3.58474e-06
3.58474e-06
3.58474e-06
3.58474e-06
3.58474e-06
3.58474e-06
3.58474e-06
3.58474e-06
3.58474e-06
3.58474e-06
3.58474e-06
3.58474e-06
3.58474e-06
3.58474e-06
3.58474e-06
3.58474e-06
3.58474e-06
3.58474e-06
3.58474e-06
3.58474e-06
3.58474e-06
3.58474e-06
3.58474e-06
3.58474e-06
3.58474e-06
3.58474e-06
3.58474e-06
3.58474e-06
3.58474e-06
3.58474e-06
3.58474e-06
3.58474e-06
3.58474e-06
3.58474e-06
3.58474e-06
3.58474e-06
3.58474e-06
3.58474e-06
3.58474e-06
3.58474e-06
3.58474e-06
3.58474e-06
3.58474e-06
3.58474e-06
3.58474e-06
3.58474e-06
3.58474e-06
3.58474e-06
3.58474e-06
3.58474e-06
3.58474e-06
3.58474e-06
3.58474e-06
3.58474e-06
3.58474e-06
3.58474e-06
3.58474e-06
3.58474e-06
3.58474e-06
3.58474e-06
3.58474e-06
3.58474e-06
3.58474e-06
3.58474e-06
3.58474e-06
3.58474e-06
3.58474e-06
3.58474e-06
3.58474e-06
3.58474e-06
3.58474e-06
3.58474e-06
3.58474e-06
3.58474e-06
3.58474e-06
3.58474e-06
3.58474e-06
3.58474e-06
3.58474e-06
3.58474e-06
3.58474e-06
3.58474e-06
3.58474e-06
3.58474e-06
3.58474e-06
3.58474e-06
3.58474e-06
3.58474e-06
3.58474e-06
3.58474e-06
3.58474e-06
3.58474e-06
3.58474e-06
3.58474e-06
3.58474e-06
3.58474e-06
3.58474e-06
3.58474e-06
3.58474e-06
3.58474e-06
3.58474e-06
3.58474e-06
3.58474e-06
3.58474e-06
3.58474e-06
3.58474e-06
3.58474e-06
3.58474e-06
3.58474e-06
3.58474e-06
3.58474e-06
3.58474e-06
3.58474e-06
3.58474e-06
3.58474e-06
3.58474e-06
3.58474e-06
3.58474e-06
3.58474e-06
3.58474e-06
3.58474e-06
3.58474e-06
3.58474e-06
3.58474e-06
3.58474e-06
3.58474e-06
3.58474e-06
3.58474e-06
3.58474e-06
3.58474e-06
3.58474e-06
3.58474e-06
3.58474e-06
3.58474e-06
3.58474e-06
3.58474e-06
3.58474e-06
3.58474e-06
3.58474e-06
3.58474e-06
3.58474e-06
3.58474e-06
3.58474e-06
1.92482e-06
1.92482e-06
1.92482e-06
1.92482e-06
1.92482e-06
1.92482e-06
1.92482e-06
2.16278e-06
2.16278e-06
2.16278e-06
2.16278e-06
2.16278e-06
2.16278e-06
2.16278e-06
2.16278e-06
4.01251e-06
4.01251e-06
4.01251e-06
4.01251e-06
4.01251e-06
4.01251e-06
4.01251e-06
4.01339e-06
4.01339e-06
4.01339e-06
2.00272e-06
2.00272e-06
2.00272e-06
2.00272e-06
2.00272e-06
2.00272e-06
3.63371e-06
3.63371e-06
3.63371e-06
2.69695e-06
2.69695e-06
2.69695e-06
2.69695e-06
2.69695e-06
2.69695e-06
2.69695e-06
2.69695e-06
2.69695e-06
2.69695e-06
2.69695e-06
2.69695e-06
2.69695e-06
2.69695e-06
2.69695e-06
2.69695e-06
2.69695e-06
2.69695e-06
2.69695e-06
2.69695e-06
2.69695e-06
2.69695e-06
2.69695e-06
2.69695e-06
2.69695e-06
3.3018e-06
3.3018e-06
3.3018e-06
2.06315e-06
2.06315e-06
2.06315e-06
2.06315e-06
2.52271e-06
2.52271e-06
2.52271e-06
2.52271e-06
2.52271e-06
2.52271e-06
2.52271e-06
2.52271e-06
2.52271e-06
2.52271e-06
2.52271e-06
4.06839e-06
4.06839e-06
4.06839e-06
4.06839e-06
4.06839e-06
4.06839e-06
2.18856e-06
3.79348e-06
2.75901e-06
2.75901e-06
2.75901e-06
2.75901e-06
2.75901e-06
2.75901e-06
2.75901e-06
2.75901e-06
2.75901e-06
4.139e-06
2.25391e-06
2.25391e-06
2.25391e-06
2.25391e-06
2.25391e-06
2.25391e-06
2.25391e-06
2.25391e-06
2.25391e-06
2.25391e-06
2.25391e-06
2.25391e-06
2.25391e-06
2.25391e-06
2.25391e-06
2.25391e-06
2.25391e-06
2.25391e-06
2.25391e-06
2.25391e-06
2.25391e-06
2.25391e-06
2.25391e-06
2.25391e-06
3.06865e-06
3.06865e-06
3.06865e-06
3.06865e-06
3.06865e-06
3.06865e-06
3.06865e-06
3.06865e-06
3.06865e-06
3.06803e-06
3.06803e-06
3.06803e-06
2.391e-06
2.87028e-06
2.87028e-06
2.87028e-06
2.87028e-06
2.87028e-06
2.87028e-06
2.41691e-06
2.41691e-06
2.41691e-06
2.41691e-06
2.41691e-06
2.41691e-06
2.41691e-06
2.41691e-06
2.41691e-06
2.41691e-06
2.41691e-06
2.41691e-06
2.41691e-06
2.41691e-06
2.41691e-06
2.41691e-06
2.41691e-06
2.41691e-06
2.41691e-06
2.41691e-06
2.41691e-06
3.11333e-06
3.6745e-06
2.53265e-06
3.72863e-06
3.72863e-06
3.72863e-06
3.72863e-06
3.72863e-06
3.72863e-06
2.09747e-06
2.68857e-06
2.68857e-06
2.68857e-06
2.68857e-06
2.68857e-06
2.68857e-06
2.68857e-06
2.68857e-06
2.68857e-06
2.68857e-06
2.68857e-06
2.68857e-06
2.68857e-06
2.68857e-06
2.68857e-06
2.68857e-06
2.68857e-06
2.68857e-06
2.68857e-06
2.68857e-06
2.68857e-06
2.68857e-06
2.68857e-06
2.68857e-06
2.68857e-06
2.68857e-06
2.68857e-06
2.68857e-06
2.68857e-06
2.68857e-06
2.68857e-06
2.68857e-06
2.68857e-06
2.68857e-06
2.68857e-06
2.68857e-06
2.68857e-06
2.68857e-06
2.68857e-06
2.68857e-06
2.68857e-06
2.68857e-06
2.68857e-06
2.68857e-06
2.68857e-06
2.68857e-06
2.68857e-06
2.68857e-06
2.68857e-06
2.68857e-06
2.68857e-06
2.68857e-06
2.68857e-06
2.68857e-06
2.68857e-06
2.68857e-06
2.68857e-06
2.68857e-06
2.68857e-06
2.68857e-06
2.68857e-06
2.68857e-06
2.68857e-06
2.68857e-06
2.68857e-06
2.68857e-06
2.68857e-06
2.68857e-06
2.68857e-06
2.68857e-06
2.68857e-06
2.68857e-06
2.68857e-06
2.68857e-06
2.68857e-06
2.68857e-06
2.68857e-06
2.68857e-06
2.68857e-06
2.68857e-06
2.68857e-06
2.68857e-06
2.68857e-06
2.68857e-06
2.68857e-06
2.68857e-06
2.68857e-06
2.68857e-06
2.68857e-06
2.68857e-06
2.68857e-06
2.68857e-06
2.68857e-06
2.68857e-06
2.68857e-06
2.68857e-06
2.68857e-06
2.68857e-06
2.68857e-06
2.68857e-06
2.68857e-06
2.68857e-06
2.68857e-06
2.68857e-06
2.68857e-06
2.68857e-06
2.68857e-06
2.68857e-06
2.68857e-06
2.68857e-06
2.68857e-06
2.68857e-06
2.68857e-06
2.68857e-06
2.68857e-06
2.68857e-06
2.68857e-06
2.68857e-06
2.68857e-06
2.68857e-06
2.68857e-06
2.68857e-06
2.68857e-06
2.68857e-06
2.68857e-06
2.68857e-06
2.68857e-06
2.68857e-06
2.68857e-06
2.68857e-06
2.68857e-06
2.68857e-06
2.68857e-06
2.68857e-06
2.68857e-06
2.68857e-06
2.68857e-06
2.68857e-06
2.68857e-06
2.68857e-06
2.68857e-06
2.68857e-06
2.68857e-06
2.68857e-06
2.68857e-06
2.68857e-06
2.68857e-06
2.68857e-06
2.68857e-06
2.68857e-06
2.68857e-06
2.68857e-06
2.68857e-06
2.68857e-06
2.68857e-06
2.68857e-06
2.68857e-06
2.68857e-06
2.68857e-06
2.68857e-06
2.68857e-06
2.68857e-06
2.68857e-06
2.68857e-06
2.68857e-06
2.68857e-06
2.68857e-06
2.68857e-06
2.68857e-06
2.68857e-06
2.68857e-06
2.68857e-06
2.68857e-06
2.68857e-06
2.68857e-06
2.68857e-06
2.68857e-06
2.68857e-06
2.68857e-06
2.68857e-06
2.68857e-06
2.68857e-06
2.68857e-06
2.68857e-06
2.68857e-06
2.68857e-06
2.68857e-06
2.68857e-06
2.68857e-06
2.68857e-06
2.68857e-06
2.68857e-06
2.68857e-06
2.68857e-06
2.68857e-06
2.68857e-06
2.68857e-06
2.68857e-06
2.68857e-06
2.68857e-06
2.68857e-06
2.68857e-06
2.68857e-06
2.68857e-06
2.68857e-06
2.68857e-06
2.68857e-06
2.68857e-06
2.68857e-06
2.68857e-06
2.68857e-06
2.68857e-06
2.68857e-06
2.68857e-06
2.68857e-06
2.68857e-06
2.68857e-06
2.68857e-06
2.68857e-06
2.68857e-06
2.68857e-06
2.68857e-06
2.68857e-06
2.68857e-06
2.68857e-06
2.68857e-06
2.68857e-06
2.68857e-06
2.68857e-06
2.68857e-06
2.68857e-06
2.68857e-06
2.68857e-06
2.68857e-06
2.68857e-06
2.68857e-06
2.68857e-06
2.68857e-06
2.68857e-06
2.68857e-06
2.68857e-06
2.68857e-06
2.68857e-06
2.68857e-06
2.68857e-06
2.68857e-06
2.68857e-06
2.68857e-06
2.68857e-06
2.68857e-06
2.68857e-06
2.68857e-06
2.68857e-06
2.68857e-06
2.68857e-06
2.68857e-06
2.68857e-06
2.68857e-06
2.68857e-06
2.68857e-06
2.68857e-06
2.68857e-06
2.68857e-06
2.68857e-06
2.68857e-06
2.68857e-06
2.68857e-06
2.68857e-06
2.68857e-06
2.68857e-06
2.68857e-06
2.68857e-06
2.68857e-06
2.68857e-06
2.68857e-06
2.68857e-06
2.68857e-06
2.68857e-06
2.68857e-06
2.68857e-06
2.68857e-06
2.68857e-06
2.68857e-06
2.68857e-06
2.68857e-06
2.68857e-06
2.68857e-06
2.68857e-06
2.68857e-06
2.68857e-06
2.68857e-06
2.68857e-06
2.68857e-06
2.68857e-06
2.68857e-06
2.68857e-06
2.68857e-06
2.68857e-06
2.68857e-06
2.68857e-06
2.68857e-06
2.68857e-06
2.68857e-06
2.68857e-06
2.68857e-06
2.68857e-06
2.68857e-06
2.68857e-06
2.68857e-06
2.68857e-06
2.68857e-06
2.68857e-06
2.68857e-06
2.68857e-06
2.68857e-06
2.68857e-06
2.68857e-06
2.68857e-06
2.68857e-06
2.68857e-06
2.68857e-06
2.68857e-06
2.68857e-06
2.68857e-06
2.68857e-06
2.68857e-06
2.68857e-06
2.68857e-06
2.68857e-06
2.68857e-06
2.68857e-06
2.68857e-06
2.68857e-06
2.68857e-06
2.68857e-06
2.68857e-06
2.68857e-06
2.68857e-06
2.68857e-06
2.68857e-06
2.68857e-06
2.68857e-06
2.68857e-06
2.68857e-06
2.68857e-06
2.68857e-06
2.68857e-06
2.68857e-06
2.68857e-06
2.68857e-06
2.68857e-06
2.68857e-06
2.68857e-06
2.68857e-06
2.68857e-06
2.68857e-06
2.68857e-06
2.68857e-06
2.68857e-06
2.68857e-06
2.68857e-06
2.68857e-06
2.68857e-06
2.68857e-06
2.68857e-06
2.68857e-06
2.68857e-06
2.68857e-06
2.68857e-06
2.68857e-06
2.68857e-06
2.68857e-06
2.68857e-06
2.68857e-06
2.68857e-06
2.68857e-06
2.68857e-06
2.68857e-06
2.68857e-06
2.68857e-06
2.68857e-06
2.68857e-06
2.68857e-06
2.68857e-06
2.68857e-06
2.68857e-06
2.68857e-06
2.68857e-06
2.68857e-06
2.68857e-06
2.68857e-06
2.68857e-06
2.68857e-06
2.68857e-06
2.68857e-06
2.68857e-06
2.68857e-06
2.68857e-06
2.68857e-06
2.68857e-06
2.68857e-06
2.68857e-06
2.68857e-06
2.68857e-06
2.68857e-06
2.68857e-06
2.68857e-06
2.68857e-06
2.68857e-06
2.68857e-06
2.68857e-06
3.24868e-06
3.87324e-06
2.40466e-06
2.40466e-06
2.40466e-06
2.40466e-06
2.40466e-06
2.40466e-06
2.40466e-06
2.40466e-06
2.40466e-06
2.40466e-06
2.40466e-06
2.40466e-06
2.40466e-06
2.40466e-06
2.40466e-06
2.40466e-06
2.40466e-06
2.40466e-06
2.40466e-06
2.40466e-06
2.40466e-06
2.40466e-06
2.40466e-06
2.40466e-06
2.40466e-06
2.40466e-06
2.40466e-06
2.40466e-06
2.40466e-06
2.40466e-06
2.40466e-06
3.28261e-06
3.28261e-06
2.10071e-06
2.73644e-06
2.27257e-06
2.27257e-06
2.27257e-06
2.27257e-06
2.27257e-06
2.27257e-06
2.27257e-06
2.27257e-06
2.27257e-06
2.27257e-06
2.27257e-06
2.27257e-06
2.27257e-06
2.27257e-06
2.27257e-06
2.27257e-06
2.27257e-06
2.27257e-06
2.27257e-06
2.27257e-06
2.27257e-06
2.27257e-06
3.5005e-06
3.5005e-06
3.5005e-06
3.5005e-06
3.5005e-06
3.5005e-06
3.5005e-06
3.5005e-06
3.5005e-06
3.5005e-06
3.5005e-06
3.5005e-06
3.5005e-06
3.34522e-06
3.1571e-06
3.1571e-06
3.1571e-06
3.1571e-06
4.05255e-06
4.05255e-06
4.05255e-06
4.05255e-06
4.05255e-06
4.05255e-06
4.05255e-06
4.05255e-06
4.05255e-06
4.05255e-06
4.05255e-06
4.05255e-06
4.05255e-06
4.05255e-06
4.05255e-06
4.05255e-06
4.05255e-06
4.05255e-06
4.05255e-06
4.05255e-06
4.05255e-06
4.05255e-06
4.05255e-06
4.05255e-06
4.05255e-06
4.05255e-06
4.05255e-06
4.05255e-06
4.05255e-06
4.05255e-06
4.05255e-06
4.05255e-06
3.26192e-06
3.26192e-06
3.26192e-06
3.26192e-06
3.26192e-06
2.68893e-06
2.68893e-06
2.68893e-06
2.68893e-06
2.68893e-06
2.68893e-06
2.68893e-06
2.68893e-06
2.68893e-06
2.68893e-06
2.68893e-06
2.68893e-06
2.68893e-06
2.68893e-06
2.68893e-06
2.68893e-06
2.68893e-06
2.68893e-06
2.68893e-06
2.68893e-06
2.68893e-06
3.89753e-06
3.89753e-06
3.89753e-06
3.89753e-06
3.89753e-06
2.67225e-06
2.67225e-06
2.67225e-06
2.67225e-06
2.67225e-06
2.67225e-06
3.75337e-06
3.75337e-06
3.75337e-06
3.75337e-06
3.75337e-06
3.75337e-06
3.75337e-06
3.75337e-06
3.75337e-06
3.75337e-06
3.75337e-06
3.75337e-06
3.75337e-06
3.75337e-06
3.75337e-06
3.75337e-06
3.75337e-06
3.75337e-06
3.75337e-06
3.75337e-06
3.75337e-06
3.75337e-06
3.34972e-06
3.34972e-06
3.34972e-06
3.22155e-06
3.35435e-06
2.09874e-06
2.18072e-06
2.18072e-06
2.18072e-06
2.18072e-06
2.18072e-06
2.18072e-06
2.18072e-06
2.18072e-06
3.91856e-06
3.91856e-06
3.91856e-06
3.91856e-06
3.91856e-06
3.91856e-06
3.91856e-06
3.91851.95839e-06
1.95839e-06
1.95839e-06
1.95839e-06
1.95839e-06
1.95839e-06
1.95839e-06
1.95839e-06
1.95839e-06
1.95839e-06
1.95839e-06
1.95839e-06
1.95839e-06
1.95839e-06
1.95839e-06
1.95839e-06
1.95839e-06
1.95839e-06
1.95839e-06
1.95839e-06
1.95839e-06
1.95839e-06
1.95839e-06
1.95839e-06
1.95839e-06
1.95839e-06
1.95839e-06
1.95839e-06
1.95839e-06
1.95839e-06
1.95839e-06
1.95839e-06
1.95839e-06
1.95839e-06
1.95839e-06
1.95839e-06
1.95839e-06
1.95839e-06
1.95839e-06
1.95839e-06
1.95839e-06
1.95839e-06
1.95839e-06
1.95839e-06
1.95839e-06
1.95839e-06
1.95839e-06
1.95839e-06
1.95839e-06
1.95839e-06
1.95839e-06
1.95839e-06
1.95839e-06
1.95839e-06
1.95839e-06
1.95839e-06
2.55066e-06
2.55066e-06
2.55066e-06
2.55066e-06
2.55066e-06
2.55066e-06
2.55066e-06
2.55066e-06
2.62035e-06
2.62035e-06
2.62035e-06
2.62035e-06
2.62035e-06
2.62035e-06
2.62035e-06
2.34682e-06
2.34682e-06
2.34682e-06
2.34682e-06
3.93308e-06
3.93308e-06
3.93308e-06
3.93308e-06
4.10296e-06
4.10296e-06
4.10296e-06
4.10296e-06
4.10296e-06
4.10296e-06
4.10296e-06
4.10296e-06
4.10296e-06
4.10296e-06
2.44284e-06
2.44284e-06
2.44284e-06
2.44284e-06
2.44284e-06
2.44284e-06
2.44284e-06
2.99248e-06
2.99248e-06
2.99248e-06
2.99248e-06
2.99248e-06
2.99248e-06
2.99248e-06
2.99248e-06
2.99248e-06
2.99248e-06
2.99248e-06
2.99248e-06
2.99248e-06
2.99248e-06
2.99248e-06
2.99248e-06
2.99248e-06
2.99248e-06
2.99248e-06
2.99248e-06
2.99248e-06
2.99248e-06
2.99248e-06
2.99248e-06
2.99248e-06
2.99248e-06
2.99248e-06
2.99248e-06
4.04069e-06
4.04069e-06
4.04069e-06
4.04069e-06
4.04069e-06
4.04069e-06
4.04069e-06
4.04069e-06
4.04069e-06
4.04069e-06
4.04069e-06
4.04069e-06
4.04069e-06
4.04069e-06
4.04069e-06
4.04069e-06
4.04069e-06
4.04069e-06
4.04069e-06
4.04069e-06
1.97776e-06
1.97776e-06
1.97776e-06
1.97776e-06
1.97776e-06
1.97776e-06
1.97776e-06
1.97776e-06
1.97776e-06
1.97776e-06
1.97776e-06
1.97776e-06
1.97776e-06
1.97776e-06
1.97776e-06
1.97776e-06
1.97776e-06
1.97776e-06
2.06212e-06
2.06212e-06
2.06212e-06
2.06212e-06
2.06212e-06
2.06212e-06
2.06212e-06
2.06212e-06
2.06212e-06
2.71393e-06
2.71393e-06
2.71393e-06
2.71393e-06
2.71393e-06
2.71393e-06
2.71393e-06
2.71393e-06
2.71393e-06
2.71393e-06
2.71393e-06
2.71393e-06
2.71393e-06
2.71393e-06
2.71393e-06
2.71393e-06
2.71393e-06
2.71393e-06
2.71393e-06
2.71393e-06
2.71393e-06
2.71393e-06
2.71393e-06
2.71393e-06
2.71393e-06
2.71393e-06
2.71393e-06
2.71393e-06
2.71393e-06
2.71393e-06
2.71393e-06
2.71393e-06
2.71393e-06
2.71393e-06
2.71393e-06
2.71393e-06
2.71393e-06
2.71393e-06
2.71393e-06
2.71393e-06
2.71393e-06
2.71393e-06
2.71393e-06
2.71393e-06
2.71393e-06
2.71393e-06
2.71393e-06
2.71393e-06
2.71393e-06
2.71393e-06
2.71393e-06
2.71393e-06
2.71393e-06
2.71393e-06
2.71393e-06
2.71393e-06
2.71393e-06
2.71393e-06
2.71393e-06
2.71393e-06
2.71393e-06
2.71393e-06
2.71393e-06
2.71393e-06
2.71393e-06
2.71393e-06
2.71393e-06
2.71393e-06
2.71393e-06
2.71393e-06
2.71393e-06
2.71393e-06
2.71393e-06
2.71393e-06
2.71393e-06
2.71393e-06
2.71393e-06
2.71393e-06
2.71393e-06
2.71393e-06
2.71393e-06
2.71393e-06
2.71393e-06
2.71393e-06
2.71393e-06
2.71393e-06
2.71393e-06
2.71393e-06
2.71393e-06
2.71393e-06
2.71393e-06
2.71393e-06
2.71393e-06
2.71393e-06
2.71393e-06
2.71393e-06
2.71393e-06
2.71393e-06
2.71393e-06
2.71393e-06
2.71393e-06
2.71393e-06
2.71393e-06
2.71393e-06
2.71393e-06
2.71393e-06
2.71393e-06
2.71393e-06
2.71393e-06
2.71393e-06
2.71393e-06
2.71393e-06
2.71393e-06
2.71393e-06
2.71393e-06
2.71393e-06
2.71393e-06
2.71393e-06
2.71393e-06
2.71393e-06
2.71393e-06
2.71393e-06
2.71393e-06
2.71393e-06
2.71393e-06
2.71393e-06
2.71393e-06
2.71393e-06
2.71393e-06
2.71393e-06
2.71393e-06
2.71393e-06
2.71393e-06
2.71393e-06
2.71393e-06
2.71393e-06
2.71393e-06
2.71393e-06
2.71393e-06
2.71393e-06
2.71393e-06
2.71393e-06
2.71393e-06
2.71393e-06
2.71393e-06
2.71393e-06
2.71393e-06
2.71393e-06
2.71393e-06
2.71393e-06
2.71393e-06
2.71393e-06
2.71393e-06
2.71393e-06
2.71393e-06
2.71393e-06
2.71393e-06
2.71393e-06
2.71393e-06
2.71393e-06
2.71393e-06
2.71393e-06
2.71393e-06
2.71393e-06
2.71393e-06
2.71393e-06
2.71393e-06
2.71393e-06
2.71393e-06
2.71393e-06
2.71393e-06
2.71393e-06
2.71393e-06
2.71393e-06
2.71393e-06
2.71393e-06
2.71393e-06
2.71393e-06
2.71393e-06
2.71393e-06
2.71393e-06
2.71393e-06
2.71393e-06
2.71393e-06
2.71393e-06
2.71393e-06
2.71393e-06
2.71393e-06
2.71393e-06
2.71393e-06
2.71393e-06
2.71393e-06
2.71393e-06
2.71393e-06
2.71393e-06
2.71393e-06
2.71393e-06
2.71393e-06
2.71393e-06
2.71393e-06
2.71393e-06
2.71393e-06
2.71393e-06
2.71393e-06
2.71393e-06
2.71393e-06
2.71393e-06
2.71393e-06
2.71393e-06
2.71393e-06
2.71393e-06
2.71393e-06
2.71393e-06
2.71393e-06
2.71393e-06
2.71393e-06
2.71393e-06
2.71393e-06
2.71393e-06
2.71393e-06
2.71393e-06
2.71393e-06
2.71393e-06
2.71393e-06
2.71393e-06
2.71393e-06
2.71393e-06
2.71393e-06
3.73269e-06
3.73269e-06
3.73269e-06
3.73269e-06
2.06592e-06
2.06592e-06
2.06592e-06
2.06592e-06
2.06592e-06
2.06592e-06
2.06592e-06
2.06592e-06
2.06592e-06
2.06592e-06
2.06592e-06
2.06592e-06
2.06592e-06
2.06592e-06
2.06592e-06
2.06592e-06
2.06592e-06
2.06592e-06
2.06592e-06
2.06592e-06
2.06592e-06
2.06592e-06
2.06592e-06
2.06592e-06
2.06592e-06
2.06592e-06
2.06592e-06
2.06592e-06
2.06592e-06
2.06592e-06
2.06592e-06
2.06592e-06
2.06592e-06
2.06592e-06
2.06592e-06
2.06592e-06
2.06592e-06
2.06592e-06
2.06592e-06
2.06592e-06
2.06592e-06
2.06592e-06
2.06592e-06
2.06592e-06
2.06592e-06
2.06592e-06
2.06592e-06
3.76485e-06
3.76485e-06
3.764852.98356e-06
2.98356e-06
2.98356e-06
2.98356e-06
2.98356e-06
2.98356e-06
2.98356e-06
2.98356e-06
2.98356e-06
2.39736e-06
2.39736e-06
2.39736e-06
2.01079e-06
2.01079e-06
2.01079e-06
2.01079e-06
2.01079e-06
2.01079e-06
2.8542e-06
2.8542e-06
2.8542e-06
2.8542e-06
2.16146e-06
2.16146e-06
2.16146e-06
2.16146e-06
2.16146e-06
2.16146e-06
2.16146e-06
2.16146e-06
2.16146e-06
2.16146e-06
2.16146e-06
2.16146e-06
2.16146e-06
2.16146e-06
2.16146e-06
2.16146e-06
2.16146e-06
2.16146e-06
2.16146e-06
2.16146e-06
2.16146e-06
2.16146e-06
2.16146e-06
2.16146e-06
2.16146e-06
2.16146e-06
2.16146e-06
2.16146e-06
2.16146e-06
2.16146e-06
2.16146e-06
2.16146e-06
2.16146e-06
2.16146e-06
2.16146e-06
2.16146e-06
2.16146e-06
2.16146e-06
2.16146e-06
2.16146e-06
2.16146e-06
2.16146e-06
2.16146e-06
2.16146e-06
2.16146e-06
2.16146e-06
2.16146e-06
2.16146e-06
2.16146e-06
2.16146e-06
2.16146e-06
2.16146e-06
2.16146e-06
2.16146e-06
2.16146e-06
2.16146e-06
2.16146e-06
2.16146e-06
2.16146e-06
2.16146e-06
2.16146e-06
2.16146e-06
2.16146e-06
2.16146e-06
2.16146e-06
2.16146e-06
2.16146e-06
2.16146e-06
2.16146e-06
2.16146e-06
2.16146e-06
2.16146e-06
2.16146e-06
2.16146e-06
2.16146e-06
2.16146e-06
2.16146e-06
2.16146e-06
2.16146e-06
2.16146e-06
2.16146e-06
2.16146e-06
2.16146e-06
1.96508e-06
1.96508e-06
1.96508e-06
1.96508e-06
1.96508e-06
1.96508e-06
1.96508e-06
1.96508e-06
1.96508e-06
1.96508e-06
1.96508e-06
1.96508e-06
1.96508e-06
1.96508e-06
1.96508e-06
1.96508e-06
1.96508e-06
1.96508e-06
1.96508e-06
1.96508e-06
1.96508e-06
1.96508e-06
1.96508e-06
1.96508e-06
1.96508e-06
1.96508e-06
1.96508e-06
1.96508e-06
1.96508e-06
1.96508e-06
1.96508e-06
1.96508e-06
1.96508e-06
1.96508e-06
1.96508e-06
1.96508e-06
1.96508e-06
1.96508e-06
1.96508e-06
1.96508e-06
1.96508e-06
1.96508e-06
1.96508e-06
1.96508e-06
1.96508e-06
1.96508e-06
1.96508e-06
1.96508e-06
1.96508e-06
1.96508e-06
1.96508e-06
1.96508e-06
3.9453e-06
4.08874e-06
4.08874e-06
4.08874e-06
4.08874e-06
4.08874e-06
2.50948e-06
3.66134e-06
3.66134e-06
3.66134e-06
3.66134e-06
2.57048e-06
3.80097e-06
2.05724e-06
2.05724e-06
2.05724e-06
2.05724e-06
2.43141e-06
2.76431e-06
2.76431e-06
2.76431e-06
2.76431e-06
2.76431e-06
2.76431e-06
2.76431e-06
2.76431e-06
2.76431e-06
2.76431e-06
2.76431e-06
2.76431e-06
2.76431e-06
2.76431e-06
2.76431e-06
2.76431e-06
2.76431e-06
2.76431e-06
2.76431e-06
2.76431e-06
2.76431e-06
2.76431e-06
2.76431e-06
2.76431e-06
2.76431e-06
2.76431e-06
2.76431e-06
2.76431e-06
2.76431e-06
2.76431e-06
2.76431e-06
2.76431e-06
3.43715e-06
3.4815e-06
2.87593e-06
1.93681e-06
2.73387e-06
2.73387e-06
2.73387e-06
2.73387e-06
2.73387e-06
2.73387e-06
2.73387e-06
2.73387e-06
2.73387e-06
2.73387e-06
2.73387e-06
2.73387e-06
2.73387e-06
2.73387e-06
2.73387e-06
2.73387e-06
2.73387e-06
3.08363e-06
2.15614e-06
2.31984e-06
2.59785e-06
2.99185e-06
2.69852e-06
2.81051e-06
2.96722e-06
2.96722e-06
2.96722e-06
2.96722e-06
2.96722e-06
2.96722e-06
2.96722e-06
2.96722e-06
2.96722e-06
2.96722e-06
2.96722e-06
2.96722e-06
2.96722e-06
2.96722e-06
2.96722e-06
2.96722e-06
2.96722e-06
2.96722e-06
2.96722e-06
2.96722e-06
2.96722e-06
2.96722e-06
2.96722e-06
2.96722e-06
2.96722e-06
2.96722e-06
2.96722e-06
2.96722e-06
2.96722e-06
2.96722e-06
2.96722e-06
2.96722e-06
2.96722e-06
2.96722e-06
2.96722e-06
2.96722e-06
2.96722e-06
2.96722e-06
2.96722e-06
2.96722e-06
2.96722e-06
2.96722e-06
2.96722e-06
2.96722e-06
2.96722e-06
2.96722e-06
2.96722e-06
2.96722e-06
2.96722e-06
2.96722e-06
2.96722e-06
2.96722e-06
2.96722e-06
2.96722e-06
2.96722e-06
2.96722e-06
2.96722e-06
2.96722e-06
2.96722e-06
2.96722e-06
3.89518e-06
2.87464e-06
06
3.63433e-06
3.63433e-06
3.63433e-06
3.63433e-06
3.63433e-06
3.63433e-06
3.63433e-06
3.63433e-06
3.63433e-06
3.63433e-06
3.63433e-06
3.63433e-06
3.63433e-06
3.63433e-06
3.63433e-06
3.63433e-06
2.50157e-06
2.50157e-06
2.50157e-06
2.50157e-06
2.50157e-06
2.50157e-06
2.14464e-06
2.14464e-06
2.34498e-06
2.34498e-06
2.34498e-06
2.34498e-06
3.53153e-06
3.53153e-06
3.53153e-06
3.53153e-06
3.53153e-06
3.53153e-06
3.53153e-06
3.53153e-06
3.68411e-06
3.68411e-06
3.68411e-06
3.68411e-06
3.68411e-06
3.68411e-06
3.68411e-06
3.68411e-06
3.68411e-06
3.68411e-06
3.68411e-06
3.68411e-06
3.68411e-06
3.68411e-06
3.68411e-06
3.68411e-06
3.68411e-06
3.68411e-06
3.68411e-06
3.68411e-06
3.68411e-06
3.68411e-06
3.68411e-06
3.68411e-06
3.68411e-06
3.68411e-06
3.68411e-06
3.68411e-06
3.68411e-06
3.68411e-06
3.68411e-06
3.68411e-06
3.68411e-06
2.96816e-06
2.96816e-06
2.96816e-06
2.96816e-06
2.96816e-06
2.96816e-06
2.96816e-06
2.96816e-06
2.96816e-06
2.96816e-06
2.96816e-06
2.96816e-06
2.96816e-06
2.96816e-06
2.96816e-06
2.96816e-06
2.96816e-06
3.54041e-06
3.54041e-06
3.54041e-06
3.54041e-06
3.54041e-06
3.54041e-06
3.54041e-06
3.56346e-06
3.56346e-06
2.36804e-06
2.36804e-06
2.36804e-06
2.36804e-06
3.7381e-06
3.7381e-06
2.87136e-06
1.91328e-06
1.91328e-06
1.91328e-06
1.91328e-06
1.91328e-06
1.91328e-06
1.91328e-06
1.91328e-06
1.91328e-06
1.91328e-06
1.91328e-06
1.91328e-06
1.91328e-06
1.91328e-06
1.91328e-06
2.11097e-06
2.11097e-06
2.11097e-06
2.11097e-06
2.11097e-06
2.11097e-06
2.11097e-06
2.11097e-06
2.11097e-06
2.11097e-06
2.11097e-06
2.11097e-06
2.75943e-06
2.75943e-06
2.75943e-06
2.75943e-06
3.18188e-06
3.18188e-06
3.18188e-06
3.18188e-06
3.18188e-06
3.18188e-06
3.18188e-06
3.25091e-06
3.64907e-06
3.64907e-06
3.64907e-06
3.64907e-06
1.95195e-06
1.95195e-06
1.95195e-06
1.95195e-06
1.95195e-06
1.95195e-06
1.95195e-06
1.95195e-06
1.95195e-06
1.95195e-06
1.95195e-06
1.95195e-06
1.95195e-06
1.95195e-06
1.95195e-06
2.68428e-06
2.68428e-06
2.17698e-06
2.17698e-06
2.17698e-06
2.17698e-06
2.17698e-06
2.17698e-06
2.17698e-06
2.17698e-06
2.17698e-06
2.17698e-06
2.17698e-06
2.17698e-06
2.17698e-06
2.17698e-06
2.17698e-06
2.17698e-06
2.17698e-06
2.17698e-06
2.17698e-06
2.17698e-06
2.17698e-06
2.17698e-06
2.17698e-06
2.17698e-06
2.17698e-06
2.17698e-06
2.17698e-06
2.17698e-06
2.17698e-06
2.17698e-06
2.17698e-06
2.17698e-06
2.17698e-06
2.17698e-06
2.17698e-06
2.17698e-06
2.17698e-06
2.17698e-06
2.17698e-06
2.17698e-06
2.17698e-06
2.17698e-06
2.17698e-06
2.17698e-06
2.17698e-06
2.17698e-06
2.17698e-06
3.21222e-06
2.33414e-06
2.33414e-06
2.55878e-06
2.55878e-06
2.55878e-06
2.55878e-06
2.55878e-06
2.52814e-06
2.52814e-06
2.29788e-06
2.29788e-06
2.14722e-06
2.14722e-06
2.14722e-06
4.12755e-06
4.12755e-06
4.12755e-06
4.12755e-06
4.12755e-06
4.12755e-06
4.12755e-06
4.12755e-06
4.12755e-06
4.12755e-06
4.12755e-06
4.12755e-06
4.12755e-06
4.12755e-06
4.12755e-06
4.12755e-06
4.12755e-06
4.12755e-06
4.12755e-06
4.12755e-06
4.12755e-06
4.12755e-06
4.12755e-06
4.12755e-06
4.12755e2.41312e-06
2.41312e-06
2.41312e-06
2.41312e-06
2.41312e-06
2.41312e-06
2.41312e-06
2.41312e-06
2.41312e-06
2.41312e-06
2.41312e-06
2.41312e-06
2.41312e-06
2.41312e-06
2.41312e-06
2.41312e-06
2.41312e-06
2.41312e-06
2.41312e-06
2.41312e-06
2.41312e-06
2.41312e-06
2.41312e-06
2.41312e-06
2.41312e-06
2.41312e-06
2.41312e-06
2.41312e-06
2.41312e-06
2.41312e-06
2.41312e-06
2.41312e-06
2.41312e-06
2.41312e-06
2.41312e-06
2.41312e-06
2.41312e-06
2.41312e-06
2.41312e-06
2.41312e-06
2.41312e-06
2.41312e-06
2.41312e-06
2.41312e-06
2.41312e-06
2.41312e-06
2.41312e-06
2.41312e-06
2.41312e-06
2.41312e-06
2.41312e-06
2.91723e-06
2.91723e-06
2.91723e-06
3.56021e-06
3.56021e-06
3.56021e-06
3.56021e-06
3.56021e-06
2.08288e-06
2.08288e-06
2.08288e-06
2.08288e-06
2.08288e-06
2.08288e-06
2.08288e-06
2.08288e-06
3.8681e-06
3.8681e-06
3.8681e-06
3.8681e-06
3.8681e-06
3.8681e-06
3.66006e-06
3.66006e-06
3.66006e-06
3.66006e-06
3.44995e-06
3.44995e-06
3.44995e-06
3.44995e-06
3.44995e-06
3.44995e-06
3.44995e-06
3.44995e-06
3.44995e-06
3.44995e-06
3.44995e-06
3.44995e-06
3.44995e-06
3.44995e-06
3.44995e-06
3.44995e-06
2.88009e-06
2.88009e-06
2.88009e-06
2.88009e-06
2.88009e-06
2.88009e-06
2.88009e-06
2.88009e-06
2.88009e-06
3.52226e-06
3.52226e-06
3.52226e-06
3.52226e-06
3.52226e-06
3.52226e-06
2.93411e-06
2.93411e-06
2.93411e-06
3.69677e-06
3.69677e-06
3.69677e-06
3.69677e-06
3.69677e-06
3.69677e-06
3.69677e-06
3.69677e-06
3.69677e-06
3.69677e-06
3.69677e-06
2.04708e-06
2.04708e-06
2.04708e-06
2.04708e-06
3.94148e-06
3.16947e-06
3.16947e-06
3.16947e-06
3.16947e-06
2.02461e-06
2.02461e-06
2.02461e-06
2.02461e-06
2.02461e-06
3.3647e-06
3.3647e-06
3.3647e-06
3.3647e-06
3.3647e-06
3.3647e-06
3.3647e-06
3.3647e-06
3.3647e-06
3.3647e-06
3.3647e-06
3.3647e-06
3.3647e-06
1.9134e-06
1.9134e-06
1.9134e-06
1.9134e-06
1.9134e-06
1.9134e-06
1.9134e-06
1.9134e-06
1.9134e-06
1.9134e-06
1.9134e-06
1.9134e-06
1.9134e-06
1.9134e-06
1.9134e-06
1.9134e-06
1.9134e-06
1.9134e-06
1.9134e-06
1.9134e-06
1.9134e-06
1.9134e-06
1.9134e-06
1.9134e-06
1.9134e-06
1.9134e-06
1.9134e-06
1.9134e-06
1.9134e-06
1.9134e-06
1.9134e-06
1.9134e-06
1.9134e-06
1.9134e-06
1.9134e-06
1.9134e-06
1.9134e-06
1.9134e-06
1.9134e-06
1.9134e-06
1.9134e-06
1.9134e-06
1.9134e-06
1.9134e-06
1.9134e-06
1.9134e-06
1.9134e-06
1.9134e-06
1.9134e-06
1.9134e-06
1.9134e-06
1.9134e-06
1.9134e-06
1.9134e-06
1.9134e-06
1.9134e-06
1.9134e-06
1.9134e-06
1.9134e-06
1.9134e-06
1.9134e-06
1.9134e-06
1.9134e-06
1.9134e-06
1.9134e-06
1.9134e-06
1.9134e-06
1.9134e-06
1.9134e-06
1.9134e-06
1.9134e-06
1.9134e-06
1.9134e-06
1.9134e-06
1.9134e-06
1.9134e-06
1.9134e-06
1.9134e-06
1.9134e-06
1.9134e-06
1.9134e-06
1.9134e-06
1.9134e-06
1.9134e-06
1.9134e-06
1.9134e-06
1.9134e-06
1.9134e-06
1.9134e-06
1.9134e-06
1.9134e-06
1.9134e-06
1.9134e-06
1.9134e-06
1.9134e-06
1.9134e-06
1.9134e-06
1.9134e-06
1.9134e-06
1.9134e-06
1.9134e-06
1.9134e-06
1.9134e-06
1.9134e-06
1.9134e-06
1.9134e-06
1.9134e-06
1.9134e-06
1.9134e-06
1.9134e-06
1.9134e-06
1.9134e-06
1.9134e-06
1.9134e-06
1.9134e-06
1.9134e-06
1.9134e-06
1.9134e-06
1.9134e-06
1.9134e-06
1.9134e-06
1.9134e-06
1.9134e-06
1.9134e-06
1.9134e-06
1.9134e-06
1.9134e-06
1.9134e-06
1.9134e-06
1.9134e-06
1.9134e-06
1.9134e-06
1.9134e-06
1.9134e-06
1.9134e-06
1.9134e-06
1.9134e-06
1.9134e-06
1.9134e-06
1.9134e-06
1.9134e-06
1.9134e-06
1.9134e-06
1.9134e-06
1.9134e-06
1.9134e-06
1.9134e-06
1.9134e-06
1.9134e-06
1.9134e-06
1.9134e-06
1.9134e-06
1.9134e-06
1.9134e-06
1.9134e-06
1.9134e-06
1.9134e-06
1.9134e-06
1.9134e-06
1.9134e-06
1.9134e-06
1.9134e-06
1.9134e-06
1.9134e-06
1.9134e-06
1.9134e-06
1.9134e-06
1.9134e-06
1.9134e-06
1.9134e-06
1.9134e-06
1.9134e-06
1.9134e-06
1.9134e-06
1.9134e-06
1.9134e-06
1.9134e-06
1.9134e-06
1.9134e-06
1.9134e-06
1.9134e-06
1.9134e-06
1.9134e-06
1.9134e-06
1.9134e-06
1.9134e-06
1.9134e-06
1.9134e-06
1.9134e-06
1.9134e-06
1.9134e-06
1.9134e-06
1.9134e-06
1.9134e-06
1.9134e-06
1.9134e-06
1.9134e-06
1.9134e-06
1.9134e-06
1.9134e-06
1.9134e-06
1.9134e-06
1.9134e-06
1.9134e-06
1.9134e-06
1.9134e-06
1.9134e-06
1.9134e-06
1.9134e-06
1.9134e-06
1.9134e-06
1.9134e-06
1.9134e-06
1.9134e-06
1.9134e-06
1.9134e-06
1.9134e-06
1.9134e-06
1.9134e-06
1.9134e-06
1.9134e-06
1.9134e-06
1.9134e-06
1.9134e-06
1.9134e-06
1.9134e-06
1.9134e-06
1.9134e-06
1.9134e-06
1.9134e-06
1.9134e-06
1.9134e-06
1.9134e-06
1.9134e-06
1.9134e-06
1.9134e-06
1.9134e-06
1.9134e-06
1.9134e-06
1.9134e-06
1.9134e-06
1.9134e-06
1.9134e-06
2.24749e-06
3.96959e-06
3.96959e-06
3.96959e-06
3.96959e-06
3.96959e-06
3.96959e-06
3.96959e-06
3.96959e-06
3.96959e-06
3.96959e-06
3.96959e-06
3.96959e-06
3.96959e-06
3.96959e-06
3.96959e-06
3.96959e-06
3.96959e-06
3.96959e-06
3.96959e-06
3.96959e-06
3.96959e-06
3.96959e-06
3.96959e-06
3.96959e-06
3.96959e-06
3.96959e-06
3.96959e-06
3.96959e-06
3.96959e-06
3.96959e-06
3.96959e-06
3.96959e-06
3.96959e-06
3.96959e-06
3.96959e-06
3.96959e-06
3.86324e-06
3.31158e-06
3.31158e-06
2.3687e-06
2.3687e-06
2.3687e-06
3.68446e-06
3.68446e-06
3.68446e-06
3.68446e-06
3.68446e-06
3.68446e-06
3.68446e-06
3.68446e-06
3.68446e-06
3.68446e-06
3.68446e-06
3.68446e-06
3.68446e-06
3.68446e-06
3.68446e-06
3.68446e-06
3.68446e-06
3.68446e-06
3.68446e-06
3.68446e-06
3.68446e-06
3.68446e-06
3.68446e-06
3.68446e-06
3.68446e-06
3.68446e-06
2.39439e-06
2.39439e-06
2.39439e-06
2.39439e-06
2.42184e-06
2.42184e-06
2.50357e-06
2.50357e-06
2.50357e-06
2.50357e-06
2.50357e-06
2.50357e-06
2.50357e-06
2.50357e-06
2.50357e-06
2.50357e-06
2.50357e-06
2.50357e-06
2.50357e-06
2.50357e-06
2.50357e-06
2.50357e-06
2.50357e-06
2.50357e-06
2.50357e-06
2.50357e-06
2.50357e-06
2.50357e-06
2.50357e-06
2.50357e-06
2.50357e-06
2.50357e-06
2.50357e-06
2.50357e-06
2.50357e-06
2.50357e-06
2.50357e-06
2.50357e-06
2.50357e-06
2.50357e-06
2.50357e-06
2.50357e-06
2.50357e-06
2.50357e-06
2.50357e-06
2.50357e-06
2.50357e-06
2.50357e-06
2.50357e-06
2.50357e-06
2.50357e-06
2.50357e-06
2.50357e-06
2.50357e-06
2.50357e-06
2.50357e-06
2.50357e-06
2.50357e-06
2.50357e-06
2.50357e-06
2.50357e-06
2.50357e-06
2.50357e-06
2.50357e-06
2.50357e-06
2.50357e-06
2.50357e-06
2.50357e-06
2.50357e-06
2.50357e-06
2.50357e-06
2.50357e-06
2.50357e-06
2.50357e-06
2.50357e-06
2.50357e-06
2.50357e-06
2.50357e-06
2.50357e-06
2.50357e-06
2.50357e-06
2.50357e-06
2.50357e-06
2.50357e-06
2.50357e-06
2.50357e-06
2.50357e-06
2.50357e-06
2.50357e-06
2.50357e-06
2.50357e-06
2.50357e-06
2.50357e-06
2.50357e-06
2.50357e-06
2.50357e-06
2.50357e-06
2.50357e-06
2.50357e-06
2.50357e-06
2.50357e-06
2.50357e-06
2.50357e-06
2.50357e-06
2.50357e-06
2.50357e-06
2.50357e-06
2.50357e-06
3.68508e-06
3.68508e-06
3.68508e-06
3.68508e-06
3.68508e-06
3.68508e-06
3.68508e-06
2.40342e-06
2.40342e-06
2.40342e-06
2.40342e-06
2.40342e-06
2.40342e-06
3.49733e-06
3.49733e-06
3.49733e-06
3.49733e-06
3.49733e-06
3.49733e-06
3.49733e-06
3.49733e-06
3.49733e-06
3.49733e-06
3.49733e-06
2.79793e-06
2.79793e-06
3.11708e-06
3.11708e-06
2.80626e-06
2.80626e-06
2.80626e-06
3.35596e-06
3.35596e-06
2.75144e-06
2.75144e-06
3.65348e-06
3.65348e-06
3.65348e-06
3.65348e-06
3.65348e-06
3.65348e-06
3.65348e-06
3.32518e-06
3.32518e-06
1.9592e-06
1.9592e-06
1.9592e-06
1.9592e-06
1.9592e-06
1.9592e-06
1.9592e-06
1.9592e-06
1.9592e-06
1.9592e-06
1.9592e-06
1.9592e-06
1.9592e-06
1.9592e-06
1.9592e-06
1.9592e-06
1.9592e-06
1.9592e-06
1.9592e-06
1.9592e-06
2.57209e-06
2.57209e-06
2.57209e-06
2.48823e-06
2.48823e-06
2.48823e-06
2.48823e-06
2.48823e-06
2.31372e-06
2.31372e-06
2.31372e-06
2.31372e-06
2.31372e-06
2.31372e-06
2.64882e-06
2.64882e-06
2.64882e-06
2.64882e-06
2.49206e-06
2.49206e-06
2.49206e-06
2.49206e-06
2.49206e-06
2.49206e-06
2.49206e-06
2.49206e-06
2.42978e-06
2.42978e-06
2.42978e-06
2.42978e-06
2.42978e-06
2.42978e-06
2.42978e-06
2.8277e-06
2.8277e-06
2.8277e-06
2.8277e-06
2.8277e-06
2.8277e-06
2.8277e-06
2.8277e-06
2.8277e-06
2.8277e-06
2.8277e-06
2.8277e-06
2.8277e-06
2.8277e-06
2.8277e-06
2.8277e-06
2.8277e-06
2.8277e-06
2.8277e-06
2.75837e-06
2.75837e-06
2.75837e-06
2.75837e-06
2.75837e-06
2.75837e-06
2.75837e-06
2.75837e-06
2.75837e-06
2.75837e-06
2.75837e-06
2.75837e-06
2.75837e-06
2.75837e-06
2.75837e-06
2.75837e-06
2.75837e-06
2.75837e-06
2.75837e-06
2.75837e-06
2.75837e-06
2.75837e-06
2.75837e-06
2.75837e-06
2.75837e-06
2.75837e-06
3.14409e-06
3.14409e-06
3.14409e-06
3.14409e-06
3.14409e-06
3.14409e-06
3.14409e-06
3.14409e-06
3.76433e-06
3.76433e-06
3.76433e-06
3.76433e-06
3.76433e-06
3.76433e-06
3.76433e-06
3.76433e-06
3.76433e-06
3.76433e-06
3.76433e-06
3.76433e-06
3.76433e-06
3.76433e-06
3.76433e-06
3.76433e-06
3.76433e-06
3.76433e-06
3.76433e-06
3.76433e-06
2.44748e-06
2.44748e-06
2.44748e-06
2.44748e-06
2.44748e-06
2.44748e-06
2.44748e-06
2.44748e-06
2.44748e-06
2.44748e-06
2.44748e-06
2.44748e-06
2.44748e-06
2.44748e-06
2.44748e-06
2.44748e-06
2.44748e-06
2.44748e-06
2.44748e-06
2.44748e-06
2.44748e-06
2.44748e-06
2.44748e-06
2.44748e-06
2.44748e-06
2.44748e-06
2.44748e-06
2.44748e-06
2.44748e-06
2.44748e-06
2.44748e-06
2.44748e-06
2.44748e-06
2.44748e-06
2.44748e-06
2.44748e-06
2.44748e-06
2.44748e-06
2.44748e-06
2.44748e-06
2.44748e-06
2.44748e-06
2.44748e-06
2.44748e-06
2.44748e-06
2.44748e-06
2.44748e-06
3.23348e-06
3.23348e-06
3.23348e-06
3.23348e-06
3.23348e-06
3.23348e-06
2.55522e-06
2.55522e-06
2.55522e-06
2.55522e-06
2.55522e-06
2.55522e-06
2.55522e-06
2.55522e-06
2.55522e-06
2.55522e-06
2.55522e-06
2.55522e-06
2.55522e-06
2.55522e-06
2.55522e-06
2.55522e-06
2.55522e-06
2.55522e-06
2.55522e-06
2.55522e-06
3.27859e-06
3.27859e-06
4.11415e-06
4.11415e-06
4.11415e-06
4.11415e-06
4.11415e-06
4.11415e-06
4.11415e-06
4.11415e-06
4.11415e-06
3.17452e-06
3.17452e-06
2.04638e-06
2.04638e-06
1.94985e-06
2.9987e-06
2.9987e-06
2.62624e-06
2.62624e-06
2.62624e-06
2.62624e-06
2.62624e-06
2.62624e-06
2.62624e-06
2.62624e-06
2.62624e-06
2.62624e-06
2.62624e-06
2.62624e-06
2.62624e-06
2.62624e-06
2.62624e-06
2.62624e-06
2.62624e-06
2.62624e-06
2.62624e-06
2.62624e-06
2.62624e-06
2.62624e-06
2.62624e-06
2.62624e-06
2.62624e-06
2.62624e-06
2.62624e-06
2.62624e-06
2.62624e-06
2.62624e-06
2.62624e-06
2.62624e-06
2.62624e-06
2.62624e-06
2.62624e-06
2.62624e-06
2.62624e-06
2.62624e-06
2.62624e-06
2.62624e-06
2.62624e-06
2.62624e-06
2.62624e-06
2.62624e-06
2.62624e-06
2.62624e-06
2.62624e-06
2.62624e-06
2.62624e-06
2.62624e-06
2.62624e-06
2.62624e-06
2.62624e-06
2.62624e-06
2.62624e-06
2.62624e-06
2.62624e-06
2.62624e-06
2.62624e-06
2.62624e-06
2.62624e-06
2.62624e-06
2.62624e-06
2.62624e-06
2.62624e-06
2.62624e-06
2.62624e-06
2.62624e-06
2.62624e-06
2.62624e-06
2.62624e-06
2.62624e-06
2.62624e-06
2.62624e-06
2.62624e-06
2.62624e-06
2.62624e-06
2.62624e-06
2.62624e-06
2.62624e-06
2.62624e-06
2.62624e-06
2.62624e-06
2.62624e-06
2.62624e-06
2.62624e-06
2.62624e-06
2.62624e-06
2.62624e-06
2.62624e-06
2.62624e-06
2.62624e-06
2.62624e-06
2.62624e-06
2.62624e-06
2.62624e-06
2.62624e-06
2.62624e-06
2.62624e-06
2.62624e-06
2.62624e-06
2.62624e-06
2.62624e-06
2.62624e-06
2.62624e-06
2.62624e-06
2.62624e-06
2.62624e-06
2.62624e-06
2.62624e-06
2.62624e-06
2.62624e-06
2.62624e-06
2.62624e-06
2.62624e-06
2.62624e-06
2.62624e-06
2.62624e-06
2.62624e-06
2.62624e-06
2.62624e-06
2.62624e-06
2.62624e-06
2.62624e-06
2.62624e-06
2.62624e-06
2.62624e-06
2.62624e-06
2.62624e-06
2.62624e-06
2.62624e-06
2.62624e-06
2.62624e-06
2.62624e-06
2.62624e-06
2.62624e-06
2.62624e-06
2.62624e-06
2.62624e-06
2.62624e-06
2.62624e-06
2.62624e-06
2.62624e-06
2.62624e-06
2.62624e-06
2.62624e-06
2.62624e-06
2.62624e-06
2.62624e-06
2.62624e-06
2.62624e-06
2.62624e-06
2.62624e-06
2.62624e-06
2.62624e-06
2.62624e-06
2.62624e-06
2.50465e-06
2.50465e-06
2.50465e-06
2.50465e-06
2.50465e-06
2.50465e-06
2.50465e-06
2.50465e-06
2.50465e-06
2.50465e-06
2.50465e-06
2.50465e-06
2.50465e-06
2.50465e-06
2.50465e-06
2.50465e-06
2.50465e-06
2.50465e-06
2.50465e-06
3.13068e-06
3.13068e-06
3.13068e-06
3.13068e-06
3.13068e-06
3.13068e-06
3.13068e-06
3.13068e-06
3.13068e-06
3.13068e-06
3.13068e-06
3.13068e-06
3.13068e-06
2.214e-06
2.214e-06
2.214e-06
2.214e-06
2.214e-06
2.214e-06
2.214e-06
2.214e-06
2.214e-06
2.214e-06
2.214e-06
2.214e-06
2.214e-06
2.214e-06
2.214e-06
2.214e-06
2.214e-06
2.214e-06
2.214e-06
2.214e-06
2.214e-06
2.214e-06
2.214e-06
2.214e-06
2.214e-06
2.214e-06
2.214e-06
2.214e-06
2.214e-06
2.214e-06
2.214e-06
3.30844e-06
2.20613e-06
4.04788e-06
2.82598e-06
2.73115e-06
2.73115e-06
2.73115e-06
2.73115e-06
3.5812e-06
3.5812e-06
3.5812e-06
2.76994e-06
2.76994e-06
2.76994e-06
2.76994e-06
2.76994e-06
2.76994e-06
2.76994e-06
2.76994e-06
2.76994e-06
2.25933e-06
2.25933e-06
2.25933e-06
2.25933e-06
2.25933e-06
2.25933e-06
2.25933e-06
2.25933e-06
2.43698e-06
2.43698e-06
2.30694e-06
2.30694e-06
2.30694e-06
2.30694e-06
2.30694e-06
2.30694e-06
2.30694e-06
2.30694e-06
2.30694e-06
2.30694e-06
2.05561e-06
2.05561e-06
2.05561e-06
2.05561e-06
3.09078e-06
2.41497e-06
2.41497e-06
2.41497e-06
2.41497e-06
2.41497e-06
2.41497e-06
2.41497e-06
2.41497e-06
2.41497e-06
2.41497e-06
2.41497e-06
2.41497e-06
2.41497e-06
2.41497e-06
2.41497e-06
2.41497e-06
2.41497e-06
2.41497e-06
2.41497e-06
2.41497e-06
2.41497e-06
2.41497e-06
2.41497e-06
2.41497e-06
2.41497e-06
2.41497e-06
2.41497e-06
2.41497e-06
2.41497e-06
2.41497e-06
2.41497e-06
2.41497e-06
2.41497e-06
2.41497e-06
2.41497e-06
2.41497e-06
2.41497e-06
2.41497e-06
2.41497e-06
2.41497e-06
2.41497e-06
2.41497e-06
2.41497e-06
2.41497e-06
2.41497e-06
2.41497e-06
2.41497e-06
2.41497e-06
2.41497e-06
2.41497e-06
2.41497e-06
2.41497e-06
2.41497e-06
2.41497e-06
2.41497e-06
2.41497e-06
2.41497e-06
2.41497e-06
2.41497e-06
2.41497e-06
2.41497e-06
2.41497e-06
2.41497e-06
2.41497e-06
2.41497e-06
2.41497e-06
2.41497e-06
2.41497e-06
2.41497e-06
2.41497e-06
2.41497e-06
2.41497e-06
2.41497e-06
2.41497e-06
2.41497e-06
2.41497e-06
2.41497e-06
2.41497e-06
2.41497e-06
2.41497e-06
2.41497e-06
2.41497e-06
2.41497e-06
2.41497e-06
2.41497e-06
2.41497e-06
2.41497e-06
2.41497e-06
2.41497e-06
2.41497e-06
2.41497e-06
2.41497e-06
2.41497e-06
2.41497e-06
2.41497e-06
2.41497e-06
2.41497e-06
2.41497e-06
2.41497e-06
2.41497e-06
2.41497e-06
2.41497e-06
2.41497e-06
2.41497e-06
2.41497e-06
2.41497e-06
2.10093e-06
2.10093e-06
2.10093e-06
2.10093e-06
2.10093e-06
2.10093e-06
2.10093e-06
2.10093e-06
2.10093e-06
2.10093e-06
2.10093e-06
2.10093e-06
2.10093e-06
2.10093e-06
2.10093e-06
2.83727e-06
3.47951e-06
3.47012e-06
3.47012e-06
3.47012e-06
3.47012e-06
3.47012e-06
3.47012e-06
3.47012e-06
3.47012e-06
3.47012e-06
3.47012e-06
3.47012e-06
3.47012e-06
2.29999e-06
2.29999e-06
2.29999e-06
2.29999e-06
2.29999e-06
2.29999e-06
4.04748e-06
2.96135e-06
2.96135e-06
2.96135e-06
2.96135e-06
2.96135e-06
2.96135e-06
2.96135e-06
2.96135e-06
2.96135e-06
2.96135e-06
2.96135e-06
2.96135e-06
2.96135e-06
2.96135e-06
2.96135e-06
2.96135e-06
2.96135e-06
2.96135e-06
2.96135e-06
2.96135e-06
2.96135e-06
2.96135e-06
2.96135e-06
2.96135e-06
2.96135e-06
2.96135e-06
2.96135e-06
2.96135e-06
2.96135e-06
2.96135e-06
2.96135e-06
2.96135e-06
2.96135e-06
2.96135e-06
2.96135e-06
2.96135e-06
2.96135e-06
2.96135e-06
2.96135e-06
2.96135e-06
2.96135e-06
2.96135e-06
2.96135e-06
2.96135e-06
2.96135e-06
2.96135e-06
2.96135e-06
2.96135e-06
2.96135e-06
2.96135e-06
2.96135e-06
2.96135e-06
2.96135e-06
3.48716e-06
3.48716e-06
3.48716e-06
3.48716e-06
3.48716e-06
3.48716e-06
3.48716e-06
3.48716e-06
3.48716e-06
3.48716e-06
3.48716e-06
3.48716e-06
3.48716e-06
3.48716e-06
3.48716e-06
3.48716e-06
3.48716e-06
3.48716e-06
3.76646e-06
3.76646e-06
3.76646e-06
3.76646e-06
3.76646e-06
3.76646e-06
3.76646e-06
3.76646e-06
3.76646e-06
3.76646e-06
3.76646e-06
3.76646e-06
3.76646e-06
3.76646e-06
3.76646e-06
2.69229e-06
2.69229e-06
2.69229e-06
2.69229e-06
2.69229e-06
2.69229e-06
2.69229e-06
2.69229e-06
2.69229e-06
2.69229e-06
2.69229e-06
2.69229e-06
2.69229e-06
2.69229e-06
2.50296e-06
2.50296e-06
2.50296e-06
2.50296e-06
2.50296e-06
2.50296e-06
2.50296e-06
2.50296e-06
2.50296e-06
2.50296e-06
3.63082e-06
3.63082e-06
3.63082e-06
3.63082e-06
3.63082e-06
3.63082e-06
3.63082e-06
3.92947e-06
3.92947e-06
3.92947e-06
3.92947e-06
3.92947e-06
2.8083e-06
2.8083e-06
2.8083e-06
2.8083e-06
2.8083e-06
3.39076e-06
3.39076e-06
3.39076e-06
3.39076e-06
3.39076e-06
3.39076e-06
3.81139e-06
3.81139e-06
3.81139e-06
3.81139e-06
2.74093e-06
2.74093e-06
2.74093e-06
2.74093e-06
2.74093e-06
2.74093e-06
2.74093e-06
2.74093e-06
2.74093e-06
2.74093e-06
2.74093e-06
2.74093e-06
2.74093e-06
2.74093e-06
2.74093e-06
2.74093e-06
2.74093e-06
2.74093e-06
2.74093e-06
2.74093e-06
2.74093e-06
2.74093e-06
3.54658e-06
3.54658e-06
3.54658e-06
3.54658e-06
3.54658e-06
3.54658e-06
3.54658e-06
3.54658e-06
3.54658e-06
3.54658e-06
3.54658e-06
3.54658e-06
3.54658e-06
3.54658e-06
3.54658e-06
3.54658e-06
3.54658e-06
3.54658e-06
3.54658e-06
3.54658e-06
3.54658e-06
3.54658e-06
3.54658e-06
3.54658e-06
3.54658e-06
3.54658e-06
3.54658e-06
3.54658e-06
3.54658e-06
3.54658e-06
3.54658e-06
3.54658e-06
3.54658e-06
3.54658e-06
3.54658e-06
3.54658e-06
3.54658e-06
3.54658e-06
3.54658e-06
3.54658e-06
3.54658e-06
3.54658e-06
3.54658e-06
3.54658e-06
3.54658e-06
3.54658e-06
3.54658e-06
3.54658e-06
3.54658e-06
3.54658e-06
3.54658e-06
3.54658e-06
3.54658e-06
3.54658e-06
3.54658e-06
3.54658e-06
3.54658e-06
3.54658e-06
3.54658e-06
3.54658e-06
3.19874e-06
3.19874e-06
3.19874e-06
3.19874e-06
3.19874e-06
3.19874e-06
3.23494e-06
3.23494e-06
3.23494e-06
3.23494e-06
3.23494e-06
3.23494e-06
3.23494e-06
3.23494e-06
3.23494e-06
3.23494e-06
3.23494e-06
3.23494e-06
3.23494e-06
3.23494e-06
3.23494e-06
3.23494e-06
3.23494e-06
3.23494e-06
3.23494e-06
3.23494e-06
3.23494e-06
3.23494e-06
3.23494e-06
3.23494e-06
3.23494e-06
3.23494e-06
3.23494e-06
3.23494e-06
3.23494e-06
3.23494e-06
3.23494e-06
3.23494e-06
3.23494e-06
3.23494e-06
3.23494e-06
3.23494e-06
3.23494e-06
3.23494e-06
3.23494e-06
3.23494e-06
3.15808e-06
3.87129e-06
3.87129e-06
3.87129e-06
3.87129e-06
3.0326e-06
3.0326e-06
3.0326e-06
3.0326e-06
3.0326e-06
3.0326e-06
3.0326e-06
3.0326e-06
3.0326e-06
3.0326e-06
1.90745e-06
1.90745e-06
1.90745e-06
2.39587e-06
2.39587e-06
3.14176e-06
3.14176e-06
3.14176e-06
3.14176e-06
2.85093e-06
2.85093e-06
2.85093e-06
2.85093e-06
2.85093e-06
3.58008e-06
3.58008e-06
3.58008e-06
3.29852e-06
3.29852e-06
3.29852e-06
3.29852e-06
3.29852e-06
3.29852e-06
3.29852e-06
3.29852e-06
3.29852e-06
3.29852e-06
3.29852e-06
3.29852e-06
3.29852e-06
